#
# There is insufficient memory for the Java Runtime Environment to continue.
# Native memory allocation (malloc) failed to allocate 32744 bytes for ChunkPool::allocate
# Possible reasons:
#   The system is out of physical RAM or swap space
#   The process is running with CompressedOops enabled, and the Java Heap may be blocking the growth of the native heap
# Possible solutions:
#   Reduce memory load on the system
#   Increase physical memory or swap space
#   Check if swap backing store is full
#   Decrease Java heap size (-Xmx/-Xms)
#   Decrease number of Java threads
#   Decrease Java thread stack sizes (-Xss)
#   Set larger code cache with -XX:ReservedCodeCacheSize=
#   JVM is running with Unscaled Compressed Oops mode in which the Java heap is
#     placed in the first 4GB address space. The Java Heap base address is the
#     maximum limit for the native heap growth. Please use -XX:HeapBaseMinAddress
#     to set the Java Heap base and to place the Java Heap above 4GB virtual address.
# This output file may be truncated or incomplete.
#
#  Out of Memory Error (t:/workspace/open/src/hotspot/share/memory/arena.cpp:81), pid=5932, tid=9436
#
# JRE version: Java(TM) SE Runtime Environment (11.0.5+10) (build 11.0.5+10-LTS)
# Java VM: Java HotSpot(TM) 64-Bit Server VM (11.0.5+10-LTS, mixed mode, tiered, compressed oops, g1 gc, windows-amd64)
# No core dump will be written. Minidumps are not enabled by default on client versions of Windows
#

---------------  S U M M A R Y ------------

Command Line: -Xverify:none -XX:TieredStopAtLevel=1 -Dfile.encoding=windows-1252 -Duser.country=US -Duser.language=en -Duser.variant lk.j_n_super_pvt_ltd.JnApplication

Host: Intel(R) Core(TM) i7-7500U CPU @ 2.70GHz, 4 cores, 3G,  Windows 10 , 64 bit Build 19041 (10.0.19041.804)
Time: Fri Apr 16 08:52:34 2021 Sri Lanka Standard Time elapsed time: 0 seconds (0d 0h 0m 0s)

---------------  T H R E A D  ---------------

Current thread (0x000001bbc1db2000):  JavaThread "C1 CompilerThread0" daemon [_thread_in_native, id=9436, stack(0x00000090b3000000,0x00000090b3100000)]


Current CompileTask:
C1:    936  426       1       java.net.URLStreamHandler::parseURL (1201 bytes)

Stack: [0x00000090b3000000,0x00000090b3100000]
Native frames: (J=compiled Java code, j=interpreted, Vv=VM code, C=native code)
V  [jvm.dll+0x63611a]
V  [jvm.dll+0x77426f]
V  [jvm.dll+0x77591a]
V  [jvm.dll+0x775fd3]
V  [jvm.dll+0x25e608]
V  [jvm.dll+0xc215b]
V  [jvm.dll+0xc24bc]
V  [jvm.dll+0x1851ed]
V  [jvm.dll+0x18582e]
V  [jvm.dll+0x18582e]
V  [jvm.dll+0x18582e]
V  [jvm.dll+0x18582e]
V  [jvm.dll+0x18582e]
V  [jvm.dll+0x18582e]
V  [jvm.dll+0x18582e]
V  [jvm.dll+0x18582e]
V  [jvm.dll+0x184da9]
V  [jvm.dll+0x186770]
V  [jvm.dll+0x12c520]
V  [jvm.dll+0x12c702]
V  [jvm.dll+0x12ca2f]
V  [jvm.dll+0x12bba7]
V  [jvm.dll+0x12dc47]
V  [jvm.dll+0x226684]
V  [jvm.dll+0x224c78]
V  [jvm.dll+0x7396cd]
V  [jvm.dll+0x6351c2]
C  [ucrtbase.dll+0x21bb2]
C  [KERNEL32.DLL+0x17034]
C  [ntdll.dll+0x52651]


---------------  P R O C E S S  ---------------

Threads class SMR info:
_java_thread_list=0x000001bbc27dc800, length=9, elements={
0x000001bba5fe0000, 0x000001bbc1d4e800, 0x000001bbc1d57000, 0x000001bbc1da9800,
0x000001bbc1dab000, 0x000001bbc1db2000, 0x000001bbc1dc0800, 0x000001bbc27e2800,
0x000001bbc27e8000
}

Java Threads: ( => current thread )
  0x000001bba5fe0000 JavaThread "main" [_thread_in_vm, id=356, stack(0x00000090b2500000,0x00000090b2600000)]
  0x000001bbc1d4e800 JavaThread "Reference Handler" daemon [_thread_blocked, id=10276, stack(0x00000090b2c00000,0x00000090b2d00000)]
  0x000001bbc1d57000 JavaThread "Finalizer" daemon [_thread_blocked, id=12216, stack(0x00000090b2d00000,0x00000090b2e00000)]
  0x000001bbc1da9800 JavaThread "Signal Dispatcher" daemon [_thread_blocked, id=2928, stack(0x00000090b2e00000,0x00000090b2f00000)]
  0x000001bbc1dab000 JavaThread "Attach Listener" daemon [_thread_blocked, id=16444, stack(0x00000090b2f00000,0x00000090b3000000)]
=>0x000001bbc1db2000 JavaThread "C1 CompilerThread0" daemon [_thread_in_native, id=9436, stack(0x00000090b3000000,0x00000090b3100000)]
  0x000001bbc1dc0800 JavaThread "Sweeper thread" daemon [_thread_blocked, id=6440, stack(0x00000090b3100000,0x00000090b3200000)]
  0x000001bbc27e2800 JavaThread "Service Thread" daemon [_thread_blocked, id=12820, stack(0x00000090b3200000,0x00000090b3300000)]
  0x000001bbc27e8000 JavaThread "Common-Cleaner" daemon [_thread_blocked, id=11660, stack(0x00000090b3400000,0x00000090b3500000)]

Other Threads:
  0x000001bbc1d29800 VMThread "VM Thread" [stack: 0x00000090b2b00000,0x00000090b2c00000] [id=10172]
  0x000001bbc27e5800 WatcherThread [stack: 0x00000090b3300000,0x00000090b3400000] [id=14688]
  0x000001bba5ff8000 GCTaskThread "GC Thread#0" [stack: 0x00000090b2600000,0x00000090b2700000] [id=11740]
  0x000001bba6016800 ConcurrentGCThread "G1 Main Marker" [stack: 0x00000090b2700000,0x00000090b2800000] [id=5680]
  0x000001bba6019000 ConcurrentGCThread "G1 Conc#0" [stack: 0x00000090b2800000,0x00000090b2900000] [id=18336]
  0x000001bba6073000 ConcurrentGCThread "G1 Refine#0" [stack: 0x00000090b2900000,0x00000090b2a00000] [id=12236]
  0x000001bba6074000 ConcurrentGCThread "G1 Young RemSet Sampling" [stack: 0x00000090b2a00000,0x00000090b2b00000] [id=9964]

Threads with active compile tasks:
C1 CompilerThread0 426       1       java.net.URLStreamHandler::parseURL (1201 bytes)

VM state:not at safepoint (normal execution)

VM Mutex/Monitor currently owned by a thread: None

Heap address: 0x00000000c1400000, size: 1004 MB, Compressed Oops mode: 32-bit
Narrow klass base: 0x0000000000000000, Narrow klass shift: 3
Compressed class space size: 1073741824 Address: 0x0000000100000000

Heap:
 garbage-first heap   total 65536K, used 11264K [0x00000000c1400000, 0x0000000100000000)
  region size 1024K, 12 young (12288K), 0 survivors (0K)
 Metaspace       used 6914K, capacity 7015K, committed 7168K, reserved 1056768K
  class space    used 618K, capacity 657K, committed 768K, reserved 1048576K
Heap Regions: E=young(eden), S=young(survivor), O=old, HS=humongous(starts), HC=humongous(continues), CS=collection set, F=free, A=archive, TAMS=top-at-mark-start (previous, next)
|   0|0x00000000c1400000, 0x00000000c1500000, 0x00000000c1500000|100%|HS|  |TAMS 0x00000000c1400000, 0x00000000c1400000| Complete 
|   1|0x00000000c1500000, 0x00000000c1500000, 0x00000000c1600000|  0%| F|  |TAMS 0x00000000c1500000, 0x00000000c1500000| Untracked 
|   2|0x00000000c1600000, 0x00000000c1600000, 0x00000000c1700000|  0%| F|  |TAMS 0x00000000c1600000, 0x00000000c1600000| Untracked 
|   3|0x00000000c1700000, 0x00000000c1700000, 0x00000000c1800000|  0%| F|  |TAMS 0x00000000c1700000, 0x00000000c1700000| Untracked 
|   4|0x00000000c1800000, 0x00000000c1800000, 0x00000000c1900000|  0%| F|  |TAMS 0x00000000c1800000, 0x00000000c1800000| Untracked 
|   5|0x00000000c1900000, 0x00000000c1900000, 0x00000000c1a00000|  0%| F|  |TAMS 0x00000000c1900000, 0x00000000c1900000| Untracked 
|   6|0x00000000c1a00000, 0x00000000c1a00000, 0x00000000c1b00000|  0%| F|  |TAMS 0x00000000c1a00000, 0x00000000c1a00000| Untracked 
|   7|0x00000000c1b00000, 0x00000000c1b00000, 0x00000000c1c00000|  0%| F|  |TAMS 0x00000000c1b00000, 0x00000000c1b00000| Untracked 
|   8|0x00000000c1c00000, 0x00000000c1c00000, 0x00000000c1d00000|  0%| F|  |TAMS 0x00000000c1c00000, 0x00000000c1c00000| Untracked 
|   9|0x00000000c1d00000, 0x00000000c1d00000, 0x00000000c1e00000|  0%| F|  |TAMS 0x00000000c1d00000, 0x00000000c1d00000| Untracked 
|  10|0x00000000c1e00000, 0x00000000c1e00000, 0x00000000c1f00000|  0%| F|  |TAMS 0x00000000c1e00000, 0x00000000c1e00000| Untracked 
|  11|0x00000000c1f00000, 0x00000000c1f00000, 0x00000000c2000000|  0%| F|  |TAMS 0x00000000c1f00000, 0x00000000c1f00000| Untracked 
|  12|0x00000000c2000000, 0x00000000c2000000, 0x00000000c2100000|  0%| F|  |TAMS 0x00000000c2000000, 0x00000000c2000000| Untracked 
|  13|0x00000000c2100000, 0x00000000c2100000, 0x00000000c2200000|  0%| F|  |TAMS 0x00000000c2100000, 0x00000000c2100000| Untracked 
|  14|0x00000000c2200000, 0x00000000c2200000, 0x00000000c2300000|  0%| F|  |TAMS 0x00000000c2200000, 0x00000000c2200000| Untracked 
|  15|0x00000000c2300000, 0x00000000c2300000, 0x00000000c2400000|  0%| F|  |TAMS 0x00000000c2300000, 0x00000000c2300000| Untracked 
|  16|0x00000000c2400000, 0x00000000c2400000, 0x00000000c2500000|  0%| F|  |TAMS 0x00000000c2400000, 0x00000000c2400000| Untracked 
|  17|0x00000000c2500000, 0x00000000c2500000, 0x00000000c2600000|  0%| F|  |TAMS 0x00000000c2500000, 0x00000000c2500000| Untracked 
|  18|0x00000000c2600000, 0x00000000c2600000, 0x00000000c2700000|  0%| F|  |TAMS 0x00000000c2600000, 0x00000000c2600000| Untracked 
|  19|0x00000000c2700000, 0x00000000c2700000, 0x00000000c2800000|  0%| F|  |TAMS 0x00000000c2700000, 0x00000000c2700000| Untracked 
|  20|0x00000000c2800000, 0x00000000c2800000, 0x00000000c2900000|  0%| F|  |TAMS 0x00000000c2800000, 0x00000000c2800000| Untracked 
|  21|0x00000000c2900000, 0x00000000c2900000, 0x00000000c2a00000|  0%| F|  |TAMS 0x00000000c2900000, 0x00000000c2900000| Untracked 
|  22|0x00000000c2a00000, 0x00000000c2a00000, 0x00000000c2b00000|  0%| F|  |TAMS 0x00000000c2a00000, 0x00000000c2a00000| Untracked 
|  23|0x00000000c2b00000, 0x00000000c2b00000, 0x00000000c2c00000|  0%| F|  |TAMS 0x00000000c2b00000, 0x00000000c2b00000| Untracked 
|  24|0x00000000c2c00000, 0x00000000c2c00000, 0x00000000c2d00000|  0%| F|  |TAMS 0x00000000c2c00000, 0x00000000c2c00000| Untracked 
|  25|0x00000000c2d00000, 0x00000000c2d00000, 0x00000000c2e00000|  0%| F|  |TAMS 0x00000000c2d00000, 0x00000000c2d00000| Untracked 
|  26|0x00000000c2e00000, 0x00000000c2e00000, 0x00000000c2f00000|  0%| F|  |TAMS 0x00000000c2e00000, 0x00000000c2e00000| Untracked 
|  27|0x00000000c2f00000, 0x00000000c2f00000, 0x00000000c3000000|  0%| F|  |TAMS 0x00000000c2f00000, 0x00000000c2f00000| Untracked 
|  28|0x00000000c3000000, 0x00000000c3000000, 0x00000000c3100000|  0%| F|  |TAMS 0x00000000c3000000, 0x00000000c3000000| Untracked 
|  29|0x00000000c3100000, 0x00000000c3100000, 0x00000000c3200000|  0%| F|  |TAMS 0x00000000c3100000, 0x00000000c3100000| Untracked 
|  30|0x00000000c3200000, 0x00000000c3200000, 0x00000000c3300000|  0%| F|  |TAMS 0x00000000c3200000, 0x00000000c3200000| Untracked 
|  31|0x00000000c3300000, 0x00000000c3300000, 0x00000000c3400000|  0%| F|  |TAMS 0x00000000c3300000, 0x00000000c3300000| Untracked 
|  32|0x00000000c3400000, 0x00000000c3400000, 0x00000000c3500000|  0%| F|  |TAMS 0x00000000c3400000, 0x00000000c3400000| Untracked 
|  33|0x00000000c3500000, 0x00000000c3500000, 0x00000000c3600000|  0%| F|  |TAMS 0x00000000c3500000, 0x00000000c3500000| Untracked 
|  34|0x00000000c3600000, 0x00000000c3600000, 0x00000000c3700000|  0%| F|  |TAMS 0x00000000c3600000, 0x00000000c3600000| Untracked 
|  35|0x00000000c3700000, 0x00000000c3700000, 0x00000000c3800000|  0%| F|  |TAMS 0x00000000c3700000, 0x00000000c3700000| Untracked 
|  36|0x00000000c3800000, 0x00000000c3800000, 0x00000000c3900000|  0%| F|  |TAMS 0x00000000c3800000, 0x00000000c3800000| Untracked 
|  37|0x00000000c3900000, 0x00000000c3900000, 0x00000000c3a00000|  0%| F|  |TAMS 0x00000000c3900000, 0x00000000c3900000| Untracked 
|  38|0x00000000c3a00000, 0x00000000c3a00000, 0x00000000c3b00000|  0%| F|  |TAMS 0x00000000c3a00000, 0x00000000c3a00000| Untracked 
|  39|0x00000000c3b00000, 0x00000000c3b00000, 0x00000000c3c00000|  0%| F|  |TAMS 0x00000000c3b00000, 0x00000000c3b00000| Untracked 
|  40|0x00000000c3c00000, 0x00000000c3c00000, 0x00000000c3d00000|  0%| F|  |TAMS 0x00000000c3c00000, 0x00000000c3c00000| Untracked 
|  41|0x00000000c3d00000, 0x00000000c3d00000, 0x00000000c3e00000|  0%| F|  |TAMS 0x00000000c3d00000, 0x00000000c3d00000| Untracked 
|  42|0x00000000c3e00000, 0x00000000c3e00000, 0x00000000c3f00000|  0%| F|  |TAMS 0x00000000c3e00000, 0x00000000c3e00000| Untracked 
|  43|0x00000000c3f00000, 0x00000000c3f00000, 0x00000000c4000000|  0%| F|  |TAMS 0x00000000c3f00000, 0x00000000c3f00000| Untracked 
|  44|0x00000000c4000000, 0x00000000c4000000, 0x00000000c4100000|  0%| F|  |TAMS 0x00000000c4000000, 0x00000000c4000000| Untracked 
|  45|0x00000000c4100000, 0x00000000c4100000, 0x00000000c4200000|  0%| F|  |TAMS 0x00000000c4100000, 0x00000000c4100000| Untracked 
|  46|0x00000000c4200000, 0x00000000c4200000, 0x00000000c4300000|  0%| F|  |TAMS 0x00000000c4200000, 0x00000000c4200000| Untracked 
|  47|0x00000000c4300000, 0x00000000c4300000, 0x00000000c4400000|  0%| F|  |TAMS 0x00000000c4300000, 0x00000000c4300000| Untracked 
|  48|0x00000000c4400000, 0x00000000c4400000, 0x00000000c4500000|  0%| F|  |TAMS 0x00000000c4400000, 0x00000000c4400000| Untracked 
|  49|0x00000000c4500000, 0x00000000c4500000, 0x00000000c4600000|  0%| F|  |TAMS 0x00000000c4500000, 0x00000000c4500000| Untracked 
|  50|0x00000000c4600000, 0x00000000c4600000, 0x00000000c4700000|  0%| F|  |TAMS 0x00000000c4600000, 0x00000000c4600000| Untracked 
|  51|0x00000000c4700000, 0x00000000c4700000, 0x00000000c4800000|  0%| F|  |TAMS 0x00000000c4700000, 0x00000000c4700000| Untracked 
|  52|0x00000000c4800000, 0x00000000c4848328, 0x00000000c4900000| 28%| E|  |TAMS 0x00000000c4800000, 0x00000000c4800000| Complete 
|  53|0x00000000c4900000, 0x00000000c4a00000, 0x00000000c4a00000|100%| E|CS|TAMS 0x00000000c4900000, 0x00000000c4900000| Complete 
|  54|0x00000000c4a00000, 0x00000000c4b00000, 0x00000000c4b00000|100%| E|CS|TAMS 0x00000000c4a00000, 0x00000000c4a00000| Complete 
|  55|0x00000000c4b00000, 0x00000000c4c00000, 0x00000000c4c00000|100%| E|CS|TAMS 0x00000000c4b00000, 0x00000000c4b00000| Complete 
|  56|0x00000000c4c00000, 0x00000000c4d00000, 0x00000000c4d00000|100%| E|CS|TAMS 0x00000000c4c00000, 0x00000000c4c00000| Complete 
|  57|0x00000000c4d00000, 0x00000000c4e00000, 0x00000000c4e00000|100%| E|  |TAMS 0x00000000c4d00000, 0x00000000c4d00000| Complete 
|  58|0x00000000c4e00000, 0x00000000c4f00000, 0x00000000c4f00000|100%| E|CS|TAMS 0x00000000c4e00000, 0x00000000c4e00000| Complete 
|  59|0x00000000c4f00000, 0x00000000c5000000, 0x00000000c5000000|100%| E|CS|TAMS 0x00000000c4f00000, 0x00000000c4f00000| Complete 
|  60|0x00000000c5000000, 0x00000000c5100000, 0x00000000c5100000|100%| E|CS|TAMS 0x00000000c5000000, 0x00000000c5000000| Complete 
|  61|0x00000000c5100000, 0x00000000c5200000, 0x00000000c5200000|100%| E|CS|TAMS 0x00000000c5100000, 0x00000000c5100000| Complete 
|  62|0x00000000c5200000, 0x00000000c5300000, 0x00000000c5300000|100%| E|CS|TAMS 0x00000000c5200000, 0x00000000c5200000| Complete 
|  63|0x00000000c5300000, 0x00000000c5400000, 0x00000000c5400000|100%| E|CS|TAMS 0x00000000c5300000, 0x00000000c5300000| Complete 

Card table byte_map: [0x000001bbbd540000,0x000001bbbd740000] _byte_map_base: 0x000001bbbcf36000

Marking Bits (Prev, Next): (CMBitMap*) 0x000001bba6011f38, (CMBitMap*) 0x000001bba6011f70
 Prev Bits: [0x000001bbbd940000, 0x000001bbbe8f0000)
 Next Bits: [0x000001bbbe8f0000, 0x000001bbbf8a0000)

Polling page: 0x000001bba3f30000

Metaspace:

Usage:
  Non-class:      6.21 MB capacity,     6.15 MB (>99%) used,    54.63 KB ( <1%) free+waste,     2.69 KB ( <1%) overhead. 
      Class:    657.00 KB capacity,   618.12 KB ( 94%) used,    37.76 KB (  6%) free+waste,     1.13 KB ( <1%) overhead. 
       Both:      6.85 MB capacity,     6.76 MB ( 99%) used,    92.38 KB (  1%) free+waste,     3.81 KB ( <1%) overhead. 

Virtual space:
  Non-class space:        8.00 MB reserved,       6.25 MB ( 78%) committed 
      Class space:        1.00 GB reserved,     768.00 KB ( <1%) committed 
             Both:        1.01 GB reserved,       7.00 MB ( <1%) committed 

Chunk freelists:
   Non-Class:  5.25 KB
       Class:  1.88 KB
        Both:  7.13 KB

CodeHeap 'non-profiled nmethods': size=238912Kb used=607Kb max_used=607Kb free=238304Kb
 bounds [0x000001bbae9f0000, 0x000001bbaec60000, 0x000001bbbd340000]
CodeHeap 'non-nmethods': size=6848Kb used=1049Kb max_used=1049Kb free=5798Kb
 bounds [0x000001bbae340000, 0x000001bbae5b0000, 0x000001bbae9f0000]
 total_blobs=768 nmethods=425 adapters=254
 compilation: enabled
              stopped_count=0, restarted_count=0
 full_count=0

Compilation events (10 events):
Event: 0.921 Thread 0x000001bbc1db2000 nmethod 421 0x000001bbaea86c90 code [0x000001bbaea86e40, 0x000001bbaea86f90]
Event: 0.921 Thread 0x000001bbc1db2000  422       1       java.nio.MappedByteBuffer::limit (6 bytes)
Event: 0.922 Thread 0x000001bbc1db2000 nmethod 422 0x000001bbaea87010 code [0x000001bbaea871c0, 0x000001bbaea87310]
Event: 0.922 Thread 0x000001bbc1db2000  423       1       java.nio.MappedByteBuffer::position (6 bytes)
Event: 0.922 Thread 0x000001bbc1db2000 nmethod 423 0x000001bbaea87390 code [0x000001bbaea87540, 0x000001bbaea87690]
Event: 0.923 Thread 0x000001bbc1db2000  424       1       java.security.CodeSource::getLocationNoFragString (5 bytes)
Event: 0.923 Thread 0x000001bbc1db2000 nmethod 424 0x000001bbaea87710 code [0x000001bbaea878c0, 0x000001bbaea879d8]
Event: 0.924 Thread 0x000001bbc1db2000  425       1       java.security.CodeSource::getLocation (5 bytes)
Event: 0.924 Thread 0x000001bbc1db2000 nmethod 425 0x000001bbaea87a90 code [0x000001bbaea87c40, 0x000001bbaea87d58]
Event: 0.924 Thread 0x000001bbc1db2000  426       1       java.net.URLStreamHandler::parseURL (1201 bytes)

GC Heap History (0 events):
No events

Deoptimization events (0 events):
No events

Classes redefined (0 events):
No events

Internal exceptions (10 events):
Event: 0.588 Thread 0x000001bba5fe0000 Exception <a 'java/security/PrivilegedActionException'{0x00000000c4f40db8}> (0x00000000c4f40db8) thrown at [t:/workspace/open/src/hotspot/share/prims/jvm.cpp, line 1296]
Event: 0.588 Thread 0x000001bba5fe0000 Exception <a 'java/security/PrivilegedActionException'{0x00000000c4f41088}> (0x00000000c4f41088) thrown at [t:/workspace/open/src/hotspot/share/prims/jvm.cpp, line 1296]
Event: 0.588 Thread 0x000001bba5fe0000 Exception <a 'java/security/PrivilegedActionException'{0x00000000c4f41f90}> (0x00000000c4f41f90) thrown at [t:/workspace/open/src/hotspot/share/prims/jvm.cpp, line 1296]
Event: 0.588 Thread 0x000001bba5fe0000 Exception <a 'java/security/PrivilegedActionException'{0x00000000c4f42260}> (0x00000000c4f42260) thrown at [t:/workspace/open/src/hotspot/share/prims/jvm.cpp, line 1296]
Event: 0.588 Thread 0x000001bba5fe0000 Exception <a 'java/security/PrivilegedActionException'{0x00000000c4f431a0}> (0x00000000c4f431a0) thrown at [t:/workspace/open/src/hotspot/share/prims/jvm.cpp, line 1296]
Event: 0.588 Thread 0x000001bba5fe0000 Exception <a 'java/security/PrivilegedActionException'{0x00000000c4f43470}> (0x00000000c4f43470) thrown at [t:/workspace/open/src/hotspot/share/prims/jvm.cpp, line 1296]
Event: 0.589 Thread 0x000001bba5fe0000 Exception <a 'java/security/PrivilegedActionException'{0x00000000c4f44428}> (0x00000000c4f44428) thrown at [t:/workspace/open/src/hotspot/share/prims/jvm.cpp, line 1296]
Event: 0.589 Thread 0x000001bba5fe0000 Exception <a 'java/security/PrivilegedActionException'{0x00000000c4f446f8}> (0x00000000c4f446f8) thrown at [t:/workspace/open/src/hotspot/share/prims/jvm.cpp, line 1296]
Event: 0.873 Thread 0x000001bba5fe0000 Exception <a 'java/lang/ClassNotFoundException'{0x00000000c4ae2208}: javax/smartcardio/CardPermission> (0x00000000c4ae2208) thrown at [t:/workspace/open/src/hotspot/share/classfile/systemDictionary.cpp, line 231]
Event: 0.878 Thread 0x000001bba5fe0000 Exception <a 'java/io/FileNotFoundException'{0x00000000c4af04e0}> (0x00000000c4af04e0) thrown at [t:/workspace/open/src/hotspot/share/prims/jni.cpp, line 615]

Events (10 events):
Event: 0.917 loading class java/util/ServiceLoader$3
Event: 0.917 loading class java/util/ServiceLoader$3 done
Event: 0.922 loading class ch/qos/logback/classic/BasicConfigurator
Event: 0.922 loading class ch/qos/logback/classic/BasicConfigurator done
Event: 0.923 loading class ch/qos/logback/core/spi/ContextAwareBase
Event: 0.923 loading class ch/qos/logback/core/spi/ContextAwareBase done
Event: 0.924 loading class ch/qos/logback/core/ConsoleAppender
Event: 0.924 loading class ch/qos/logback/core/ConsoleAppender done
Event: 0.928 loading class ch/qos/logback/core/OutputStreamAppender
Event: 0.928 loading class ch/qos/logback/core/OutputStreamAppender done


Dynamic libraries:
0x00007ff66f870000 - 0x00007ff66f8b7000 	C:\Program Files\Java\jdk-11.0.5\bin\java.exe
0x00007ffab3e90000 - 0x00007ffab4085000 	C:\WINDOWS\SYSTEM32\ntdll.dll
0x00007ffab3a00000 - 0x00007ffab3abd000 	C:\WINDOWS\System32\KERNEL32.DLL
0x00007ffab19d0000 - 0x00007ffab1c99000 	C:\WINDOWS\System32\KERNELBASE.dll
0x00007ffab1ef0000 - 0x00007ffab1f9c000 	C:\WINDOWS\System32\ADVAPI32.dll
0x00007ffab3190000 - 0x00007ffab322e000 	C:\WINDOWS\System32\msvcrt.dll
0x00007ffab2f30000 - 0x00007ffab2fcc000 	C:\WINDOWS\System32\sechost.dll
0x00007ffab3d20000 - 0x00007ffab3e4b000 	C:\WINDOWS\System32\RPCRT4.dll
0x00007ffab2490000 - 0x00007ffab2630000 	C:\WINDOWS\System32\USER32.dll
0x00007ffab1740000 - 0x00007ffab1762000 	C:\WINDOWS\System32\win32u.dll
0x00007ffab2fd0000 - 0x00007ffab2ffa000 	C:\WINDOWS\System32\GDI32.dll
0x00007ffab1630000 - 0x00007ffab173b000 	C:\WINDOWS\System32\gdi32full.dll
0x00007ffab1ca0000 - 0x00007ffab1d3d000 	C:\WINDOWS\System32\msvcp_win.dll
0x00007ffab1d40000 - 0x00007ffab1e40000 	C:\WINDOWS\System32\ucrtbase.dll
0x00007ffa9e590000 - 0x00007ffa9e82a000 	C:\WINDOWS\WinSxS\amd64_microsoft.windows.common-controls_6595b64144ccf1df_6.0.19041.844_none_ca00b6081b84eb1d\COMCTL32.dll
0x00007ffaa8d80000 - 0x00007ffaa8d8a000 	C:\WINDOWS\SYSTEM32\VERSION.dll
0x00007ffab23d0000 - 0x00007ffab2400000 	C:\WINDOWS\System32\IMM32.DLL
0x00007ffa9c7f0000 - 0x00007ffa9c806000 	C:\Program Files\Java\jdk-11.0.5\bin\vcruntime140.dll
0x00007ffa7e980000 - 0x00007ffa7ea2a000 	C:\Program Files\Java\jdk-11.0.5\bin\msvcp140.dll
0x00007ffa29930000 - 0x00007ffa2a458000 	C:\Program Files\Java\jdk-11.0.5\bin\server\jvm.dll
0x00007ffab2f20000 - 0x00007ffab2f28000 	C:\WINDOWS\System32\PSAPI.DLL
0x00007ffaa13f0000 - 0x00007ffaa1417000 	C:\WINDOWS\SYSTEM32\WINMM.dll
0x00007ffaab5b0000 - 0x00007ffaab5b9000 	C:\WINDOWS\SYSTEM32\WSOCK32.dll
0x00007ffab2bd0000 - 0x00007ffab2c3b000 	C:\WINDOWS\System32\WS2_32.dll
0x00007ffaaff00000 - 0x00007ffaaff12000 	C:\WINDOWS\SYSTEM32\kernel.appcore.dll
0x00007ffa905d0000 - 0x00007ffa905e1000 	C:\Program Files\Java\jdk-11.0.5\bin\verify.dll
0x00007ffaaf500000 - 0x00007ffaaf6e4000 	C:\WINDOWS\SYSTEM32\DBGHELP.DLL
0x00007ffa9f2d0000 - 0x00007ffa9f2fc000 	C:\WINDOWS\SYSTEM32\dbgcore.DLL
0x00007ffab17f0000 - 0x00007ffab1870000 	C:\WINDOWS\System32\bcryptPrimitives.dll
0x00007ffa8f8a0000 - 0x00007ffa8f8c9000 	C:\Program Files\Java\jdk-11.0.5\bin\java.dll
0x00007ffa8f850000 - 0x00007ffa8f866000 	C:\Program Files\Java\jdk-11.0.5\bin\zip.dll
0x00007ffaa0080000 - 0x00007ffaa008a000 	C:\Program Files\Java\jdk-11.0.5\bin\jimage.dll
0x00007ffab32b0000 - 0x00007ffab39f2000 	C:\WINDOWS\System32\SHELL32.dll
0x00007ffaaf6f0000 - 0x00007ffaafe80000 	C:\WINDOWS\SYSTEM32\windows.storage.dll
0x00007ffab2010000 - 0x00007ffab2365000 	C:\WINDOWS\System32\combase.dll
0x00007ffab1040000 - 0x00007ffab106c000 	C:\WINDOWS\SYSTEM32\Wldp.dll
0x00007ffab2c60000 - 0x00007ffab2d0e000 	C:\WINDOWS\System32\SHCORE.dll
0x00007ffab30d0000 - 0x00007ffab3125000 	C:\WINDOWS\System32\shlwapi.dll
0x00007ffab1510000 - 0x00007ffab152f000 	C:\WINDOWS\SYSTEM32\profapi.dll
0x00007ffa8a120000 - 0x00007ffa8a139000 	C:\Program Files\Java\jdk-11.0.5\bin\net.dll
0x00007ffaaae50000 - 0x00007ffaaaf5c000 	C:\WINDOWS\SYSTEM32\WINHTTP.dll
0x00007ffab0dc0000 - 0x00007ffab0e2a000 	C:\WINDOWS\system32\mswsock.dll
0x00007ffa827f0000 - 0x00007ffa82803000 	C:\Program Files\Java\jdk-11.0.5\bin\nio.dll

dbghelp: loaded successfully - version: 4.0.5 - missing functions: none
symbol engine: initialized successfully - sym options: 0x614 - pdb path: .;C:\Program Files\Java\jdk-11.0.5\bin;C:\WINDOWS\SYSTEM32;C:\WINDOWS\WinSxS\amd64_microsoft.windows.common-controls_6595b64144ccf1df_6.0.19041.844_none_ca00b6081b84eb1d;C:\Program Files\Java\jdk-11.0.5\bin\server

VM Arguments:
jvm_args: -Xverify:none -XX:TieredStopAtLevel=1 -Dfile.encoding=windows-1252 -Duser.country=US -Duser.language=en -Duser.variant 
java_command: lk.j_n_super_pvt_ltd.JnApplication
java_class_path (initial): F:\My project\final\jnSuper-master\src\main\resources;F:\My project\final\jnSuper-master\build\classes\java\main;C:\Users\Tharaka\.gradle\caches\modules-2\files-2.1\org.apache.commons\commons-lang3\3.9\122c7cee69b53ed4a7681c03d4ee4c0e2765da5\commons-lang3-3.9.jar;C:\Users\Tharaka\.gradle\caches\modules-2\files-2.1\org.apache.poi\poi\3.8\552a7703d32c57adb611df084b45f7158e8653f3\poi-3.8.jar;C:\Users\Tharaka\.gradle\caches\modules-2\files-2.1\com.itextpdf\itextpdf\5.5.9\af7e24e11af3aeb7f25dfe342b050dd1618f2a54\itextpdf-5.5.9.jar;C:\Users\Tharaka\.gradle\caches\modules-2\files-2.1\com.itextpdf.tool\xmlworker\5.5.9\4e2cf5d18b59d0f12980590a6fe745381326881c\xmlworker-5.5.9.jar;C:\Users\Tharaka\.gradle\caches\modules-2\files-2.1\org.webjars\bootstrap\4.4.1\3235ad9a283b32ebf1a385f90c41e03869de5ba9\bootstrap-4.4.1.jar;C:\Users\Tharaka\.gradle\caches\modules-2\files-2.1\org.webjars\popper.js\1.15.0\242ad1b568fd9bfe309867236b52eca7501704e2\popper.js-1.15.0.jar;C:\Users\Tharaka\.gradle\caches\modules-2\files-2.1\org.webjars\jquery-ui\1.12.1\7251d21a1d8f78d5c99919954a16777ed8c7ec86\jquery-ui-1.12.1.jar;C:\Users\Tharaka\.gradle\caches\modules-2\files-2.1\org.webjars\jquery\3.5.1\2392938e374f561c27c53872bdc9b6b351b6ba34\jquery-3.5.1.jar;C:\Users\Tharaka\.gradle\caches\modules-2\files-2.1\org.webjars\font-awesome\5.11.2\97fba1532c45c1d42f362da2f746000a73526d1\font-awesome-5.11.2.jar;C:\Users\Tharaka\.gradle\caches\modules-2\files-2.1\org.webjars\pdf-js\2.3.200\389dcc95acd8966fa59cbcf4859990ab1cbe9636\pdf-js-2.3.200.jar;C:\Users\Tharaka\.gradle\caches\modules-2\files-2.1\org.webjars.npm\chart.js\2.9.3\26de6bae22ab372e10dcfc30da31d7e713e58ee8\chart.js-2.9.3.jar;C:\Users\Tharaka\.gradle\caches\modules-2\files-2.1\org.springframework.boot\spring-boot-gradle-plugin\2.2.2.RELEASE\4dbc74a157b91956fd8b77636bfbd3671be61279\spring-boot-gradle-plugin-2.2.2.RELEASE.pom;C:\Users\Tharaka\.gradle\caches\modules-2\files-2.1\org.ehcache\ehcache\3.8.1\ae19c7f2f63f5e88f00c
Launcher Type: SUN_STANDARD

[Global flags]
     bool BytecodeVerificationLocal                = false                                     {product} {command line}
     bool BytecodeVerificationRemote               = false                                     {product} {command line}
     intx CICompilerCount                          = 3                                         {product} {ergonomic}
     uint ConcGCThreads                            = 1                                         {product} {ergonomic}
     uint G1ConcRefinementThreads                  = 4                                         {product} {ergonomic}
   size_t G1HeapRegionSize                         = 1048576                                   {product} {ergonomic}
    uintx GCDrainStackTargetSize                   = 64                                        {product} {ergonomic}
   size_t InitialHeapSize                          = 67108864                                  {product} {ergonomic}
   size_t MarkStackSize                            = 4194304                                   {product} {ergonomic}
   size_t MaxHeapSize                              = 1052770304                                {product} {ergonomic}
   size_t MaxNewSize                               = 631242752                                 {product} {ergonomic}
   size_t MinHeapDeltaBytes                        = 1048576                                   {product} {ergonomic}
    uintx NonNMethodCodeHeapSize                   = 6973028                                {pd product} {ergonomic}
    uintx NonProfiledCodeHeapSize                  = 244685212                              {pd product} {ergonomic}
    uintx ProfiledCodeHeapSize                     = 0                                      {pd product} {ergonomic}
    uintx ReservedCodeCacheSize                    = 251658240                              {pd product} {ergonomic}
     bool SegmentedCodeCache                       = true                                      {product} {ergonomic}
     intx TieredStopAtLevel                        = 1                                         {product} {command line}
     bool UseCompressedClassPointers               = true                                 {lp64_product} {ergonomic}
     bool UseCompressedOops                        = true                                 {lp64_product} {ergonomic}
     bool UseG1GC                                  = true                                      {product} {ergonomic}
     bool UseLargePagesIndividualAllocation        = false                                  {pd product} {ergonomic}

Logging:
Log output configuration:
 #0: stdout all=warning uptime,level,tags
 #1: stderr all=off uptime,level,tags

Environment Variables:
PATH=C:\wamp64\bin\mysql\mysql8.0.18\bin;C:\WINDOWS;C:\WINDOWS\System32\Wbem;C:\WINDOWS\System32\WindowsPowerShell\v1.0\;C:\Program Files\Git\cmd;C:\Program Files\Java\jdk-11.0.5\bin;;C:\WINDOWS\system32;C:\WINDOWS\System32\OpenSSH\;C:\Users\Tharaka\AppData\Local\Microsoft\WindowsApps;C:\Program Files\JetBrains\IntelliJ IDEA 2019.3.1\bin;C:\Users\Tharaka\AppData\Local\GitHubDesktop\bin;C:\Users\Tharaka\AppData\Local\Microsoft\WindowsApps;;C:\Program Files\JetBrains\IntelliJ IDEA 2020.3\bin;
USERNAME=Tharaka
OS=Windows_NT
PROCESSOR_IDENTIFIER=Intel64 Family 6 Model 142 Stepping 9, GenuineIntel



---------------  S Y S T E M  ---------------

OS: Windows 10 , 64 bit Build 19041 (10.0.19041.804)

CPU:total 4 (initial active 4) (2 cores per cpu, 2 threads per core) family 6 model 142 stepping 9, cmov, cx8, fxsr, mmx, sse, sse2, sse3, ssse3, sse4.1, sse4.2, popcnt, avx, avx2, aes, clmul, erms, 3dnowpref, lzcnt, ht, tsc, tscinvbit, bmi1, bmi2, adx, fma

Memory: 4k page, system-wide physical 4013M (280M free)
TotalPageFile size 14087M (AvailPageFile size 2M)
current process WorkingSet (physical memory assigned to process): 44M, peak: 44M
current process commit charge ("private bytes"): 134M, peak: 134M

vm_info: Java HotSpot(TM) 64-Bit Server VM (11.0.5+10-LTS) for windows-amd64 JRE (11.0.5+10-LTS), built on Oct  6 2019 12:37:14 by "mach5one" with MS VC++ 15.5 (VS2017)

END.
