#
# There is insufficient memory for the Java Runtime Environment to continue.
# Native memory allocation (mmap) failed to map 13631488 bytes for Failed to commit area from 0x00000000c5400000 to 0x00000000c6100000 of length 13631488.
# Possible reasons:
#   The system is out of physical RAM or swap space
#   The process is running with CompressedOops enabled, and the Java Heap may be blocking the growth of the native heap
# Possible solutions:
#   Reduce memory load on the system
#   Increase physical memory or swap space
#   Check if swap backing store is full
#   Decrease Java heap size (-Xmx/-Xms)
#   Decrease number of Java threads
#   Decrease Java thread stack sizes (-Xss)
#   Set larger code cache with -XX:ReservedCodeCacheSize=
#   JVM is running with Unscaled Compressed Oops mode in which the Java heap is
#     placed in the first 4GB address space. The Java Heap base address is the
#     maximum limit for the native heap growth. Please use -XX:HeapBaseMinAddress
#     to set the Java Heap base and to place the Java Heap above 4GB virtual address.
# This output file may be truncated or incomplete.
#
#  Out of Memory Error (t:/workspace/open/src/hotspot/os/windows/os_windows.cpp:3274), pid=432, tid=9884
#
# JRE version: Java(TM) SE Runtime Environment (11.0.5+10) (build 11.0.5+10-LTS)
# Java VM: Java HotSpot(TM) 64-Bit Server VM (11.0.5+10-LTS, mixed mode, tiered, compressed oops, g1 gc, windows-amd64)
# No core dump will be written. Minidumps are not enabled by default on client versions of Windows
#

---------------  S U M M A R Y ------------

Command Line: -Xverify:none -XX:TieredStopAtLevel=1 -Dfile.encoding=windows-1252 -Duser.country=US -Duser.language=en -Duser.variant lk.j_n_super_pvt_ltd.JnApplication

Host: Intel(R) Core(TM) i7-7500U CPU @ 2.70GHz, 4 cores, 3G,  Windows 10 , 64 bit Build 19041 (10.0.19041.804)
Time: Thu Apr  1 14:31:01 2021 Sri Lanka Standard Time elapsed time: 1 seconds (0d 0h 0m 1s)

---------------  T H R E A D  ---------------

Current thread (0x000001a72c0c5800):  VMThread "VM Thread" [stack: 0x000000348e500000,0x000000348e600000] [id=9884]

Stack: [0x000000348e500000,0x000000348e600000]
[error occurred during error reporting (printing stack bounds), id 0xc0000005, EXCEPTION_ACCESS_VIOLATION (0xc0000005) at pc=0x000001a717f80bad]

Native frames: (J=compiled Java code, j=interpreted, Vv=VM code, C=native code)
V  [jvm.dll+0x63611a]
V  [jvm.dll+0x77426f]
V  [jvm.dll+0x77591a]
V  [jvm.dll+0x775f35]
V  [jvm.dll+0x775eeb]
V  [jvm.dll+0x635826]
V  [jvm.dll+0x635be8]
C  [ntdll.dll+0xa1f6f]
C  [ntdll.dll+0x51454]
C  [ntdll.dll+0xa0a9e]
C  0x000001a717f80bad

VM_Operation (0x000000348f2fa3d0): CollectForMetadataAllocation, mode: safepoint, requested by thread 0x000001a72d56e000


---------------  P R O C E S S  ---------------

Threads class SMR info:
_java_thread_list=0x000001a72df73790, length=11, elements={
0x000001a70e431800, 0x000001a72c0ee000, 0x000001a72c0f7000, 0x000001a72c14b800,
0x000001a72c14d000, 0x000001a72c150000, 0x000001a72c153000, 0x000001a72cb7a800,
0x000001a72cb8c000, 0x000001a72d569000, 0x000001a72d56e000
}

Java Threads: ( => current thread )
  0x000001a70e431800 JavaThread "main" [_thread_blocked, id=14356, stack(0x000000348df00000,0x000000348e000000)]
  0x000001a72c0ee000 JavaThread "Reference Handler" daemon [_thread_blocked, id=16760, stack(0x000000348e600000,0x000000348e700000)]
  0x000001a72c0f7000 JavaThread "Finalizer" daemon [_thread_blocked, id=12760, stack(0x000000348e700000,0x000000348e800000)]
  0x000001a72c14b800 JavaThread "Signal Dispatcher" daemon [_thread_blocked, id=2764, stack(0x000000348e800000,0x000000348e900000)]
  0x000001a72c14d000 JavaThread "Attach Listener" daemon [_thread_blocked, id=13472, stack(0x000000348e900000,0x000000348ea00000)]
  0x000001a72c150000 JavaThread "C1 CompilerThread0" daemon [_thread_blocked, id=484, stack(0x000000348ea00000,0x000000348eb00000)]
  0x000001a72c153000 JavaThread "Sweeper thread" daemon [_thread_blocked, id=8652, stack(0x000000348eb00000,0x000000348ec00000)]
  0x000001a72cb7a800 JavaThread "Service Thread" daemon [_thread_blocked, id=11912, stack(0x000000348ec00000,0x000000348ed00000)]
  0x000001a72cb8c000 JavaThread "Common-Cleaner" daemon [_thread_blocked, id=6520, stack(0x000000348ee00000,0x000000348ef00000)]
  0x000001a72d569000 JavaThread "Thread-0" [_thread_blocked, id=1144, stack(0x000000348f100000,0x000000348f200000)]
  0x000001a72d56e000 JavaThread "restartedMain" [_thread_blocked, id=10904, stack(0x000000348f200000,0x000000348f300000)]

Other Threads:
=>0x000001a72c0c5800 VMThread "VM Thread" [stack: 0x000000348e500000,0x000000348e600000] [id=9884]
  0x000001a72cb81000 WatcherThread [stack: 0x000000348ed00000,0x000000348ee00000] [id=15496]
  0x000001a70e447800 GCTaskThread "GC Thread#0" [stack: 0x000000348e000000,0x000000348e100000] [id=14684]
  0x000001a72d206000 GCTaskThread "GC Thread#1" [stack: 0x000000348ef00000,0x000000348f000000] [id=12516]
  0x000001a72d5fe000 GCTaskThread "GC Thread#2" [stack: 0x000000348f400000,0x000000348f500000] [id=2092]
  0x000001a72d5ff000 GCTaskThread "GC Thread#3" [stack: 0x000000348f500000,0x000000348f600000] [id=1992]
  0x000001a70e464000 ConcurrentGCThread "G1 Main Marker" [stack: 0x000000348e100000,0x000000348e200000] [id=13168]
  0x000001a70e466800 ConcurrentGCThread "G1 Conc#0" [stack: 0x000000348e200000,0x000000348e300000] [id=14480]
  0x000001a70e4bd800 ConcurrentGCThread "G1 Refine#0" [stack: 0x000000348e300000,0x000000348e400000] [id=14284]
  0x000001a72d1c1000 ConcurrentGCThread "G1 Refine#1" [stack: 0x000000348f000000,0x000000348f100000] [id=9052]
  0x000001a70e4bf000 ConcurrentGCThread "G1 Young RemSet Sampling" [stack: 0x000000348e400000,0x000000348e500000] [id=3100]

Threads with active compile tasks:
C1 CompilerThread01958       1       jdk.internal.reflect.ReflectionFactory::newConstructorAccessor (154 bytes)

VM state:at safepoint (normal execution)

VM Mutex/Monitor currently owned by a thread:  ([mutex/lock_event])
[0x000001a70e42f4b0] Threads_lock - owner thread: 0x000001a72c0c5800
[0x000001a70e42f930] Heap_lock - owner thread: 0x000001a72d56e000

Heap address: 0x00000000c1400000, size: 1004 MB, Compressed Oops mode: 32-bit
Narrow klass base: 0x0000000000000000, Narrow klass shift: 3
Compressed class space size: 1073741824 Address: 0x0000000100000000

Heap:
 garbage-first heap   total 78848K, used 11461K [0x00000000c1400000, 0x0000000100000000)
  region size 1024K, 3 young (3072K), 3 survivors (3072K)
 Metaspace       used 22743K, capacity 23281K, committed 23472K, reserved 1083392K
  class space    used 2745K, capacity 2949K, committed 3072K, reserved 1048576K
Heap Regions: E=young(eden), S=young(survivor), O=old, HS=humongous(starts), HC=humongous(continues), CS=collection set, F=free, A=archive, TAMS=top-at-mark-start (previous, next)
|   0|0x00000000c1400000, 0x00000000c1500000, 0x00000000c1500000|100%|HS|  |TAMS 0x00000000c1500000, 0x00000000c1500000| Complete 
|   1|0x00000000c1500000, 0x00000000c1600000, 0x00000000c1600000|100%| O|  |TAMS 0x00000000c1600000, 0x00000000c1600000| Untracked 
|   2|0x00000000c1600000, 0x00000000c1700000, 0x00000000c1700000|100%| O|  |TAMS 0x00000000c1700000, 0x00000000c1700000| Untracked 
|   3|0x00000000c1700000, 0x00000000c1800000, 0x00000000c1800000|100%| O|  |TAMS 0x00000000c1800000, 0x00000000c1800000| Untracked 
|   4|0x00000000c1800000, 0x00000000c1900000, 0x00000000c1900000|100%| O|  |TAMS 0x00000000c1900000, 0x00000000c1900000| Untracked 
|   5|0x00000000c1900000, 0x00000000c1a00000, 0x00000000c1a00000|100%| O|  |TAMS 0x00000000c1a00000, 0x00000000c1a00000| Untracked 
|   6|0x00000000c1a00000, 0x00000000c1b00000, 0x00000000c1b00000|100%| O|  |TAMS 0x00000000c1b00000, 0x00000000c1b00000| Untracked 
|   7|0x00000000c1b00000, 0x00000000c1c00000, 0x00000000c1c00000|100%| O|  |TAMS 0x00000000c1b9aa00, 0x00000000c1c00000| Untracked 
|   8|0x00000000c1c00000, 0x00000000c1c31600, 0x00000000c1d00000| 19%| O|  |TAMS 0x00000000c1c00000, 0x00000000c1c31600| Untracked 
|   9|0x00000000c1d00000, 0x00000000c1d00000, 0x00000000c1e00000|  0%| F|  |TAMS 0x00000000c1d00000, 0x00000000c1d00000| Untracked 
|  10|0x00000000c1e00000, 0x00000000c1e00000, 0x00000000c1f00000|  0%| F|  |TAMS 0x00000000c1e00000, 0x00000000c1e00000| Untracked 
|  11|0x00000000c1f00000, 0x00000000c1f00000, 0x00000000c2000000|  0%| F|  |TAMS 0x00000000c1f00000, 0x00000000c1f00000| Untracked 
|  12|0x00000000c2000000, 0x00000000c2000000, 0x00000000c2100000|  0%| F|  |TAMS 0x00000000c2000000, 0x00000000c2000000| Untracked 
|  13|0x00000000c2100000, 0x00000000c2100000, 0x00000000c2200000|  0%| F|  |TAMS 0x00000000c2100000, 0x00000000c2100000| Untracked 
|  14|0x00000000c2200000, 0x00000000c2200000, 0x00000000c2300000|  0%| F|  |TAMS 0x00000000c2200000, 0x00000000c2200000| Untracked 
|  15|0x00000000c2300000, 0x00000000c2300000, 0x00000000c2400000|  0%| F|  |TAMS 0x00000000c2300000, 0x00000000c2300000| Untracked 
|  16|0x00000000c2400000, 0x00000000c2400000, 0x00000000c2500000|  0%| F|  |TAMS 0x00000000c2400000, 0x00000000c2400000| Untracked 
|  17|0x00000000c2500000, 0x00000000c2500000, 0x00000000c2600000|  0%| F|  |TAMS 0x00000000c2500000, 0x00000000c2500000| Untracked 
|  18|0x00000000c2600000, 0x00000000c2600000, 0x00000000c2700000|  0%| F|  |TAMS 0x00000000c2600000, 0x00000000c2600000| Untracked 
|  19|0x00000000c2700000, 0x00000000c2700000, 0x00000000c2800000|  0%| F|  |TAMS 0x00000000c2700000, 0x00000000c2700000| Untracked 
|  20|0x00000000c2800000, 0x00000000c2800000, 0x00000000c2900000|  0%| F|  |TAMS 0x00000000c2800000, 0x00000000c2800000| Untracked 
|  21|0x00000000c2900000, 0x00000000c2900000, 0x00000000c2a00000|  0%| F|  |TAMS 0x00000000c2900000, 0x00000000c2900000| Untracked 
|  22|0x00000000c2a00000, 0x00000000c2a00000, 0x00000000c2b00000|  0%| F|  |TAMS 0x00000000c2a00000, 0x00000000c2a00000| Untracked 
|  23|0x00000000c2b00000, 0x00000000c2b00000, 0x00000000c2c00000|  0%| F|  |TAMS 0x00000000c2b00000, 0x00000000c2b00000| Untracked 
|  24|0x00000000c2c00000, 0x00000000c2c00000, 0x00000000c2d00000|  0%| F|  |TAMS 0x00000000c2c00000, 0x00000000c2c00000| Untracked 
|  25|0x00000000c2d00000, 0x00000000c2d00000, 0x00000000c2e00000|  0%| F|  |TAMS 0x00000000c2d00000, 0x00000000c2d00000| Untracked 
|  26|0x00000000c2e00000, 0x00000000c2e00000, 0x00000000c2f00000|  0%| F|  |TAMS 0x00000000c2e00000, 0x00000000c2e00000| Untracked 
|  27|0x00000000c2f00000, 0x00000000c2f00000, 0x00000000c3000000|  0%| F|  |TAMS 0x00000000c2f00000, 0x00000000c2f00000| Untracked 
|  28|0x00000000c3000000, 0x00000000c3000000, 0x00000000c3100000|  0%| F|  |TAMS 0x00000000c3000000, 0x00000000c3000000| Untracked 
|  29|0x00000000c3100000, 0x00000000c3100000, 0x00000000c3200000|  0%| F|  |TAMS 0x00000000c3100000, 0x00000000c3100000| Untracked 
|  30|0x00000000c3200000, 0x00000000c3200000, 0x00000000c3300000|  0%| F|  |TAMS 0x00000000c3200000, 0x00000000c3200000| Untracked 
|  31|0x00000000c3300000, 0x00000000c3300000, 0x00000000c3400000|  0%| F|  |TAMS 0x00000000c3300000, 0x00000000c3300000| Untracked 
|  32|0x00000000c3400000, 0x00000000c3400000, 0x00000000c3500000|  0%| F|  |TAMS 0x00000000c3400000, 0x00000000c3400000| Untracked 
|  33|0x00000000c3500000, 0x00000000c3500000, 0x00000000c3600000|  0%| F|  |TAMS 0x00000000c3500000, 0x00000000c3500000| Untracked 
|  34|0x00000000c3600000, 0x00000000c3600000, 0x00000000c3700000|  0%| F|  |TAMS 0x00000000c3600000, 0x00000000c3600000| Untracked 
|  35|0x00000000c3700000, 0x00000000c3700000, 0x00000000c3800000|  0%| F|  |TAMS 0x00000000c3700000, 0x00000000c3700000| Untracked 
|  36|0x00000000c3800000, 0x00000000c3800000, 0x00000000c3900000|  0%| F|  |TAMS 0x00000000c3800000, 0x00000000c3800000| Untracked 
|  37|0x00000000c3900000, 0x00000000c3900000, 0x00000000c3a00000|  0%| F|  |TAMS 0x00000000c3900000, 0x00000000c3900000| Untracked 
|  38|0x00000000c3a00000, 0x00000000c3a00000, 0x00000000c3b00000|  0%| F|  |TAMS 0x00000000c3a00000, 0x00000000c3a00000| Untracked 
|  39|0x00000000c3b00000, 0x00000000c3b00000, 0x00000000c3c00000|  0%| F|  |TAMS 0x00000000c3b00000, 0x00000000c3b00000| Untracked 
|  40|0x00000000c3c00000, 0x00000000c3c00000, 0x00000000c3d00000|  0%| F|  |TAMS 0x00000000c3c00000, 0x00000000c3c00000| Untracked 
|  41|0x00000000c3d00000, 0x00000000c3d00000, 0x00000000c3e00000|  0%| F|  |TAMS 0x00000000c3d00000, 0x00000000c3d00000| Untracked 
|  42|0x00000000c3e00000, 0x00000000c3e00000, 0x00000000c3f00000|  0%| F|  |TAMS 0x00000000c3e00000, 0x00000000c3e00000| Untracked 
|  43|0x00000000c3f00000, 0x00000000c3f00000, 0x00000000c4000000|  0%| F|  |TAMS 0x00000000c3f00000, 0x00000000c3f00000| Untracked 
|  44|0x00000000c4000000, 0x00000000c4000000, 0x00000000c4100000|  0%| F|  |TAMS 0x00000000c4000000, 0x00000000c4000000| Untracked 
|  45|0x00000000c4100000, 0x00000000c4100000, 0x00000000c4200000|  0%| F|  |TAMS 0x00000000c4100000, 0x00000000c4100000| Untracked 
|  46|0x00000000c4200000, 0x00000000c4300000, 0x00000000c4300000|100%| S|CS|TAMS 0x00000000c4200000, 0x00000000c4200000| Complete 
|  47|0x00000000c4300000, 0x00000000c4400000, 0x00000000c4400000|100%| S|CS|TAMS 0x00000000c4300000, 0x00000000c4300000| Complete 
|  48|0x00000000c4400000, 0x00000000c4500000, 0x00000000c4500000|100%| S|CS|TAMS 0x00000000c4400000, 0x00000000c4400000| Complete 
|  49|0x00000000c4500000, 0x00000000c4500000, 0x00000000c4600000|  0%| F|  |TAMS 0x00000000c4500000, 0x00000000c4500000| Untracked 
|  50|0x00000000c4600000, 0x00000000c4600000, 0x00000000c4700000|  0%| F|  |TAMS 0x00000000c4600000, 0x00000000c4600000| Untracked 
|  51|0x00000000c4700000, 0x00000000c4700000, 0x00000000c4800000|  0%| F|  |TAMS 0x00000000c4700000, 0x00000000c4700000| Untracked 
|  52|0x00000000c4800000, 0x00000000c4800000, 0x00000000c4900000|  0%| F|  |TAMS 0x00000000c4800000, 0x00000000c4800000| Untracked 
|  53|0x00000000c4900000, 0x00000000c4900000, 0x00000000c4a00000|  0%| F|  |TAMS 0x00000000c4900000, 0x00000000c4900000| Untracked 
|  54|0x00000000c4a00000, 0x00000000c4a00000, 0x00000000c4b00000|  0%| F|  |TAMS 0x00000000c4a00000, 0x00000000c4a00000| Untracked 
|  55|0x00000000c4b00000, 0x00000000c4b00000, 0x00000000c4c00000|  0%| F|  |TAMS 0x00000000c4b00000, 0x00000000c4b00000| Untracked 
|  56|0x00000000c4c00000, 0x00000000c4c00000, 0x00000000c4d00000|  0%| F|  |TAMS 0x00000000c4c00000, 0x00000000c4c00000| Untracked 
|  57|0x00000000c4d00000, 0x00000000c4d00000, 0x00000000c4e00000|  0%| F|  |TAMS 0x00000000c4d00000, 0x00000000c4d00000| Untracked 
|  58|0x00000000c4e00000, 0x00000000c4e00000, 0x00000000c4f00000|  0%| F|  |TAMS 0x00000000c4e00000, 0x00000000c4e00000| Untracked 
|  59|0x00000000c4f00000, 0x00000000c4f00000, 0x00000000c5000000|  0%| F|  |TAMS 0x00000000c4f00000, 0x00000000c4f00000| Untracked 
|  60|0x00000000c5000000, 0x00000000c5000000, 0x00000000c5100000|  0%| F|  |TAMS 0x00000000c5000000, 0x00000000c5000000| Untracked 
|  61|0x00000000c5100000, 0x00000000c5100000, 0x00000000c5200000|  0%| F|  |TAMS 0x00000000c5100000, 0x00000000c5100000| Untracked 
|  62|0x00000000c5200000, 0x00000000c5200000, 0x00000000c5300000|  0%| F|  |TAMS 0x00000000c5200000, 0x00000000c5200000| Untracked 
|  63|0x00000000c5300000, 0x00000000c5300000, 0x00000000c5400000|  0%| F|  |TAMS 0x00000000c5300000, 0x00000000c5300000| Untracked 

Card table byte_map: [0x000001a7277a0000,0x000001a7279a0000] _byte_map_base: 0x000001a727196000

Marking Bits (Prev, Next): (CMBitMap*) 0x000001a70e45f710, (CMBitMap*) 0x000001a70e45f6d8
 Prev Bits: [0x000001a728b50000, 0x000001a729b00000)
 Next Bits: [0x000001a727ba0000, 0x000001a728b50000)

Polling page: 0x000001a70e500000

Metaspace:

Usage:
  Non-class:     19.86 MB capacity,    19.53 MB ( 98%) used,   274.42 KB (  1%) free+waste,    59.13 KB ( <1%) overhead. 
      Class:      2.88 MB capacity,     2.68 MB ( 93%) used,   173.97 KB (  6%) free+waste,    29.81 KB (  1%) overhead. 
       Both:     22.74 MB capacity,    22.21 MB ( 98%) used,   448.39 KB (  2%) free+waste,    88.94 KB ( <1%) overhead. 

Virtual space:
  Non-class space:       34.00 MB reserved,      19.92 MB ( 59%) committed 
      Class space:        1.00 GB reserved,       3.00 MB ( <1%) committed 
             Both:        1.03 GB reserved,      22.92 MB (  2%) committed 

Chunk freelists:
   Non-Class:  8.50 KB
       Class:  0 bytes
        Both:  8.50 KB

CodeHeap 'non-profiled nmethods': size=238912Kb used=2976Kb max_used=2976Kb free=235935Kb
 bounds [0x000001a718630000, 0x000001a718920000, 0x000001a726f80000]
CodeHeap 'non-nmethods': size=6848Kb used=1120Kb max_used=1120Kb free=5727Kb
 bounds [0x000001a717f80000, 0x000001a7181f0000, 0x000001a718630000]
 total_blobs=2404 nmethods=1941 adapters=356
 compilation: enabled
              stopped_count=0, restarted_count=0
 full_count=0

Compilation events (10 events):
Event: 1.871 Thread 0x000001a72c150000 nmethod 1954 0x000001a718916a10 code [0x000001a718916bc0, 0x000001a718916cd8]
Event: 1.871 Thread 0x000001a72c150000 1955       1       sun.reflect.annotation.AnnotationType::memberDefaults (5 bytes)
Event: 1.871 Thread 0x000001a72c150000 nmethod 1955 0x000001a718916d90 code [0x000001a718916f40, 0x000001a718917058]
Event: 1.871 Thread 0x000001a72c150000 1956       1       java.io.ByteArrayOutputStream::grow (43 bytes)
Event: 1.872 Thread 0x000001a72c150000 nmethod 1956 0x000001a718917110 code [0x000001a7189172e0, 0x000001a7189176a0]
Event: 1.872 Thread 0x000001a72c150000 1959       1       jdk.internal.reflect.Reflection::isSubclassOf (21 bytes)
Event: 1.872 Thread 0x000001a72c150000 nmethod 1959 0x000001a718917810 code [0x000001a7189179c0, 0x000001a718917b30]
Event: 1.872 Thread 0x000001a72c150000 1957       1       java.lang.reflect.Constructor::acquireConstructorAccessor (44 bytes)
Event: 1.872 Thread 0x000001a72c150000 nmethod 1957 0x000001a718917c10 code [0x000001a718917de0, 0x000001a718918100]
Event: 1.872 Thread 0x000001a72c150000 1958       1       jdk.internal.reflect.ReflectionFactory::newConstructorAccessor (154 bytes)

GC Heap History (10 events):
Event: 1.002 GC heap after
{Heap after GC invocations=2 (full 0):
 garbage-first heap   total 65536K, used 8305K [0x00000000c1400000, 0x0000000100000000)
  region size 1024K, 1 young (1024K), 1 survivors (1024K)
 Metaspace       used 10164K, capacity 10314K, committed 10624K, reserved 1058816K
  class space    used 994K, capacity 1037K, committed 1152K, reserved 1048576K
}
Event: 1.013 GC heap before
{Heap before GC invocations=2 (full 0):
 garbage-first heap   total 65536K, used 27761K [0x00000000c1400000, 0x0000000100000000)
  region size 1024K, 21 young (21504K), 1 survivors (1024K)
 Metaspace       used 10165K, capacity 10314K, committed 10624K, reserved 1058816K
  class space    used 994K, capacity 1037K, committed 1152K, reserved 1048576K
}
Event: 1.014 GC heap after
{Heap after GC invocations=3 (full 0):
 garbage-first heap   total 65536K, used 8485K [0x00000000c1400000, 0x0000000100000000)
  region size 1024K, 1 young (1024K), 1 survivors (1024K)
 Metaspace       used 10165K, capacity 10314K, committed 10624K, reserved 1058816K
  class space    used 994K, capacity 1037K, committed 1152K, reserved 1048576K
}
Event: 1.111 GC heap before
{Heap before GC invocations=3 (full 0):
 garbage-first heap   total 65536K, used 32037K [0x00000000c1400000, 0x0000000100000000)
  region size 1024K, 25 young (25600K), 1 survivors (1024K)
 Metaspace       used 11264K, capacity 11440K, committed 11520K, reserved 1058816K
  class space    used 1142K, capacity 1203K, committed 1280K, reserved 1048576K
}
Event: 1.113 GC heap after
{Heap after GC invocations=4 (full 0):
 garbage-first heap   total 65536K, used 8545K [0x00000000c1400000, 0x0000000100000000)
  region size 1024K, 1 young (1024K), 1 survivors (1024K)
 Metaspace       used 11264K, capacity 11440K, committed 11520K, reserved 1058816K
  class space    used 1142K, capacity 1203K, committed 1280K, reserved 1048576K
}
Event: 1.394 GC heap before
{Heap before GC invocations=4 (full 0):
 garbage-first heap   total 65536K, used 44385K [0x00000000c1400000, 0x0000000100000000)
  region size 1024K, 36 young (36864K), 1 survivors (1024K)
 Metaspace       used 16437K, capacity 16804K, committed 16896K, reserved 1064960K
  class space    used 1880K, capacity 2018K, committed 2048K, reserved 1048576K
}
Event: 1.399 GC heap after
{Heap after GC invocations=5 (full 0):
 garbage-first heap   total 65536K, used 9866K [0x00000000c1400000, 0x0000000100000000)
  region size 1024K, 3 young (3072K), 3 survivors (3072K)
 Metaspace       used 16437K, capacity 16804K, committed 16896K, reserved 1064960K
  class space    used 1880K, capacity 2018K, committed 2048K, reserved 1048576K
}
Event: 1.719 GC heap before
{Heap before GC invocations=5 (full 0):
 garbage-first heap   total 65536K, used 40586K [0x00000000c1400000, 0x0000000100000000)
  region size 1024K, 35 young (35840K), 3 survivors (3072K)
 Metaspace       used 20756K, capacity 21222K, committed 21296K, reserved 1069056K
  class space    used 2460K, capacity 2665K, committed 2688K, reserved 1048576K
}
Event: 1.723 GC heap after
{Heap after GC invocations=6 (full 0):
 garbage-first heap   total 65536K, used 10941K [0x00000000c1400000, 0x0000000100000000)
  region size 1024K, 4 young (4096K), 4 survivors (4096K)
 Metaspace       used 20756K, capacity 21222K, committed 21296K, reserved 1069056K
  class space    used 2460K, capacity 2665K, committed 2688K, reserved 1048576K
}
Event: 1.874 GC heap before
{Heap before GC invocations=7 (full 0):
 garbage-first heap   total 65536K, used 25277K [0x00000000c1400000, 0x0000000100000000)
  region size 1024K, 19 young (19456K), 4 survivors (4096K)
 Metaspace       used 22743K, capacity 23281K, committed 23472K, reserved 1083392K
  class space    used 2745K, capacity 2949K, committed 3072K, reserved 1048576K
}

Deoptimization events (0 events):
No events

Classes redefined (0 events):
No events

Internal exceptions (10 events):
Event: 1.793 Thread 0x000001a72d56e000 Exception <a 'java/lang/ClassNotFoundException'{0x00000000c4903820}: org/springframework/beans/factory/support/BeanDefinitionRegistryPostProcessorCustomizer> (0x00000000c4903820) thrown at [t:/workspace/open/src/hotspot/share/classfile/systemDictionary.cp
Event: 1.794 Thread 0x000001a72d56e000 Exception <a 'java/lang/ClassNotFoundException'{0x00000000c491a330}: org/springframework/beans/factory/config/BeanFactoryPostProcessorCustomizer> (0x00000000c491a330) thrown at [t:/workspace/open/src/hotspot/share/classfile/systemDictionary.cpp, line 231]
Event: 1.795 Thread 0x000001a72d56e000 Exception <a 'java/lang/ClassNotFoundException'{0x00000000c492ce40}: org/springframework/core/PriorityOrderedCustomizer> (0x00000000c492ce40) thrown at [t:/workspace/open/src/hotspot/share/classfile/systemDictionary.cpp, line 231]
Event: 1.796 Thread 0x000001a72d56e000 Exception <a 'java/lang/ClassNotFoundException'{0x00000000c493d4c0}: org/springframework/core/OrderedCustomizer> (0x00000000c493d4c0) thrown at [t:/workspace/open/src/hotspot/share/classfile/systemDictionary.cpp, line 231]
Event: 1.796 Thread 0x000001a72d56e000 Exception <a 'java/lang/ClassNotFoundException'{0x00000000c4950c40}: org/springframework/context/ResourceLoaderAwareCustomizer> (0x00000000c4950c40) thrown at [t:/workspace/open/src/hotspot/share/classfile/systemDictionary.cpp, line 231]
Event: 1.797 Thread 0x000001a72d56e000 Exception <a 'java/lang/ClassNotFoundException'{0x00000000c4963090}: org/springframework/beans/factory/AwareCustomizer> (0x00000000c4963090) thrown at [t:/workspace/open/src/hotspot/share/classfile/systemDictionary.cpp, line 231]
Event: 1.797 Thread 0x000001a72d56e000 Exception <a 'java/lang/ClassNotFoundException'{0x00000000c49769a8}: org/springframework/beans/factory/BeanClassLoaderAwareCustomizer> (0x00000000c49769a8) thrown at [t:/workspace/open/src/hotspot/share/classfile/systemDictionary.cpp, line 231]
Event: 1.798 Thread 0x000001a72d56e000 Exception <a 'java/lang/ClassNotFoundException'{0x00000000c4989060}: org/springframework/beans/factory/AwareCustomizer> (0x00000000c4989060) thrown at [t:/workspace/open/src/hotspot/share/classfile/systemDictionary.cpp, line 231]
Event: 1.799 Thread 0x000001a72d56e000 Exception <a 'java/lang/ClassNotFoundException'{0x00000000c499b3e0}: org/springframework/context/EnvironmentAwareCustomizer> (0x00000000c499b3e0) thrown at [t:/workspace/open/src/hotspot/share/classfile/systemDictionary.cpp, line 231]
Event: 1.799 Thread 0x000001a72d56e000 Exception <a 'java/lang/ClassNotFoundException'{0x00000000c49ad798}: org/springframework/beans/factory/AwareCustomizer> (0x00000000c49ad798) thrown at [t:/workspace/open/src/hotspot/share/classfile/systemDictionary.cpp, line 231]

Events (10 events):
Event: 1.868 loading class org/springframework/web/bind/annotation/RestController done
Event: 1.869 loading class org/springframework/stereotype/Controller
Event: 1.869 loading class org/springframework/stereotype/Controller done
Event: 1.871 loading class org/springframework/web/bind/annotation/ResponseBody
Event: 1.871 loading class org/springframework/web/bind/annotation/ResponseBody done
Event: 1.873 loading class org/springframework/core/type/classreading/SimpleMethodMetadataReadingVisitor
Event: 1.873 loading class org/springframework/core/type/classreading/SimpleMethodMetadataReadingVisitor done
Event: 1.873 loading class org/springframework/asm/MethodVisitor
Event: 1.873 loading class org/springframework/asm/MethodVisitor done
Event: 1.874 Executing VM operation: CollectForMetadataAllocation


Dynamic libraries:
0x00007ff7864d0000 - 0x00007ff786517000 	C:\Program Files\Java\jdk-11.0.5\bin\java.exe
0x00007ffed77d0000 - 0x00007ffed79c5000 	C:\WINDOWS\SYSTEM32\ntdll.dll
0x00007ffed6120000 - 0x00007ffed61dd000 	C:\WINDOWS\System32\KERNEL32.DLL
0x00007ffed5100000 - 0x00007ffed53c9000 	C:\WINDOWS\System32\KERNELBASE.dll
0x00007ffed6c00000 - 0x00007ffed6cac000 	C:\WINDOWS\System32\ADVAPI32.dll
0x00007ffed6b50000 - 0x00007ffed6bee000 	C:\WINDOWS\System32\msvcrt.dll
0x00007ffed6080000 - 0x00007ffed611c000 	C:\WINDOWS\System32\sechost.dll
0x00007ffed7470000 - 0x00007ffed759b000 	C:\WINDOWS\System32\RPCRT4.dll
0x00007ffed75c0000 - 0x00007ffed7760000 	C:\WINDOWS\System32\USER32.dll
0x00007ffed5070000 - 0x00007ffed5092000 	C:\WINDOWS\System32\win32u.dll
0x00007ffed7760000 - 0x00007ffed778a000 	C:\WINDOWS\System32\GDI32.dll
0x00007ffed5500000 - 0x00007ffed560b000 	C:\WINDOWS\System32\gdi32full.dll
0x00007ffed5790000 - 0x00007ffed582d000 	C:\WINDOWS\System32\msvcp_win.dll
0x00007ffed5690000 - 0x00007ffed5790000 	C:\WINDOWS\System32\ucrtbase.dll
0x00007ffec2020000 - 0x00007ffec22ba000 	C:\WINDOWS\WinSxS\amd64_microsoft.windows.common-controls_6595b64144ccf1df_6.0.19041.844_none_ca00b6081b84eb1d\COMCTL32.dll
0x00007ffecc910000 - 0x00007ffecc91a000 	C:\WINDOWS\SYSTEM32\VERSION.dll
0x00007ffed6880000 - 0x00007ffed68b0000 	C:\WINDOWS\System32\IMM32.DLL
0x00007ffec34a0000 - 0x00007ffec34b6000 	C:\Program Files\Java\jdk-11.0.5\bin\vcruntime140.dll
0x00007ffe89d30000 - 0x00007ffe89dda000 	C:\Program Files\Java\jdk-11.0.5\bin\msvcp140.dll
0x00007ffe6dab0000 - 0x00007ffe6e5d8000 	C:\Program Files\Java\jdk-11.0.5\bin\server\jvm.dll
0x00007ffed6810000 - 0x00007ffed6818000 	C:\WINDOWS\System32\PSAPI.DLL
0x00007ffecf5d0000 - 0x00007ffecf5d9000 	C:\WINDOWS\SYSTEM32\WSOCK32.dll
0x00007ffed7400000 - 0x00007ffed746b000 	C:\WINDOWS\System32\WS2_32.dll
0x00007ffec2aa0000 - 0x00007ffec2ac7000 	C:\WINDOWS\SYSTEM32\WINMM.dll
0x00007ffed3840000 - 0x00007ffed3852000 	C:\WINDOWS\SYSTEM32\kernel.appcore.dll
0x00007ffea9780000 - 0x00007ffea9791000 	C:\Program Files\Java\jdk-11.0.5\bin\verify.dll
0x00007ffed35d0000 - 0x00007ffed37b4000 	C:\WINDOWS\SYSTEM32\DBGHELP.DLL
0x00007ffebd8d0000 - 0x00007ffebd8fc000 	C:\WINDOWS\SYSTEM32\dbgcore.DLL
0x00007ffed5610000 - 0x00007ffed5690000 	C:\WINDOWS\System32\bcryptPrimitives.dll
0x00007ffea6a90000 - 0x00007ffea6ab9000 	C:\Program Files\Java\jdk-11.0.5\bin\java.dll
0x00007ffea93e0000 - 0x00007ffea93f6000 	C:\Program Files\Java\jdk-11.0.5\bin\zip.dll
0x00007ffec1180000 - 0x00007ffec118a000 	C:\Program Files\Java\jdk-11.0.5\bin\jimage.dll
0x00007ffed6cb0000 - 0x00007ffed73f2000 	C:\WINDOWS\System32\SHELL32.dll
0x00007ffed2d80000 - 0x00007ffed3510000 	C:\WINDOWS\SYSTEM32\windows.storage.dll
0x00007ffed6370000 - 0x00007ffed66c5000 	C:\WINDOWS\System32\combase.dll
0x00007ffed4980000 - 0x00007ffed49ac000 	C:\WINDOWS\SYSTEM32\Wldp.dll
0x00007ffed5a20000 - 0x00007ffed5ace000 	C:\WINDOWS\System32\SHCORE.dll
0x00007ffed6a60000 - 0x00007ffed6ab5000 	C:\WINDOWS\System32\shlwapi.dll
0x00007ffed4e50000 - 0x00007ffed4e6f000 	C:\WINDOWS\SYSTEM32\profapi.dll
0x00007ffea6a70000 - 0x00007ffea6a89000 	C:\Program Files\Java\jdk-11.0.5\bin\net.dll
0x00007ffece370000 - 0x00007ffece47c000 	C:\WINDOWS\SYSTEM32\WINHTTP.dll
0x00007ffed4700000 - 0x00007ffed476a000 	C:\WINDOWS\system32\mswsock.dll
0x00007ffea6a50000 - 0x00007ffea6a63000 	C:\Program Files\Java\jdk-11.0.5\bin\nio.dll
0x00007ffebdf00000 - 0x00007ffebdf09000 	C:\Program Files\Java\jdk-11.0.5\bin\management.dll
0x00007ffebd8c0000 - 0x00007ffebd8cc000 	C:\Program Files\Java\jdk-11.0.5\bin\management_ext.dll
0x00007ffebefa0000 - 0x00007ffebefb7000 	C:\WINDOWS\system32\napinsp.dll
0x00007ffebea90000 - 0x00007ffebeaab000 	C:\WINDOWS\system32\pnrpnsp.dll
0x00007ffecfd60000 - 0x00007ffecfd75000 	C:\WINDOWS\system32\wshbth.dll
0x00007ffed08d0000 - 0x00007ffed08ed000 	C:\WINDOWS\system32\NLAapi.dll
0x00007ffed43a0000 - 0x00007ffed43db000 	C:\WINDOWS\SYSTEM32\IPHLPAPI.DLL
0x00007ffed43f0000 - 0x00007ffed44bb000 	C:\WINDOWS\SYSTEM32\DNSAPI.dll
0x00007ffed6bf0000 - 0x00007ffed6bf8000 	C:\WINDOWS\System32\NSI.dll
0x00007ffebe8d0000 - 0x00007ffebe8e2000 	C:\WINDOWS\System32\winrnr.dll
0x00007ffec2ad0000 - 0x00007ffec2ada000 	C:\Windows\System32\rasadhlp.dll
0x00007ffec2af0000 - 0x00007ffec2b6f000 	C:\WINDOWS\System32\fwpuclnt.dll
0x00007ffed54d0000 - 0x00007ffed54f7000 	C:\WINDOWS\System32\bcrypt.dll

dbghelp: loaded successfully - version: 4.0.5 - missing functions: none
symbol engine: initialized successfully - sym options: 0x614 - pdb path: .;C:\Program Files\Java\jdk-11.0.5\bin;C:\WINDOWS\SYSTEM32;C:\WINDOWS\WinSxS\amd64_microsoft.windows.common-controls_6595b64144ccf1df_6.0.19041.844_none_ca00b6081b84eb1d;C:\Program Files\Java\jdk-11.0.5\bin\server

VM Arguments:
jvm_args: -Xverify:none -XX:TieredStopAtLevel=1 -Dfile.encoding=windows-1252 -Duser.country=US -Duser.language=en -Duser.variant 
java_command: lk.j_n_super_pvt_ltd.JnApplication
java_class_path (initial): F:\My project\final\jnSuper-master\src\main\resources;F:\My project\final\jnSuper-master\build\classes\java\main;C:\Users\Tharaka\.gradle\caches\modules-2\files-2.1\org.apache.commons\commons-lang3\3.9\122c7cee69b53ed4a7681c03d4ee4c0e2765da5\commons-lang3-3.9.jar;C:\Users\Tharaka\.gradle\caches\modules-2\files-2.1\org.apache.poi\poi\3.8\552a7703d32c57adb611df084b45f7158e8653f3\poi-3.8.jar;C:\Users\Tharaka\.gradle\caches\modules-2\files-2.1\com.itextpdf\itextpdf\5.5.9\af7e24e11af3aeb7f25dfe342b050dd1618f2a54\itextpdf-5.5.9.jar;C:\Users\Tharaka\.gradle\caches\modules-2\files-2.1\com.itextpdf.tool\xmlworker\5.5.9\4e2cf5d18b59d0f12980590a6fe745381326881c\xmlworker-5.5.9.jar;C:\Users\Tharaka\.gradle\caches\modules-2\files-2.1\org.webjars\bootstrap\4.4.1\3235ad9a283b32ebf1a385f90c41e03869de5ba9\bootstrap-4.4.1.jar;C:\Users\Tharaka\.gradle\caches\modules-2\files-2.1\org.webjars\popper.js\1.15.0\242ad1b568fd9bfe309867236b52eca7501704e2\popper.js-1.15.0.jar;C:\Users\Tharaka\.gradle\caches\modules-2\files-2.1\org.webjars\jquery-ui\1.12.1\7251d21a1d8f78d5c99919954a16777ed8c7ec86\jquery-ui-1.12.1.jar;C:\Users\Tharaka\.gradle\caches\modules-2\files-2.1\org.webjars\jquery\3.5.1\2392938e374f561c27c53872bdc9b6b351b6ba34\jquery-3.5.1.jar;C:\Users\Tharaka\.gradle\caches\modules-2\files-2.1\org.webjars\font-awesome\5.11.2\97fba1532c45c1d42f362da2f746000a73526d1\font-awesome-5.11.2.jar;C:\Users\Tharaka\.gradle\caches\modules-2\files-2.1\org.webjars\pdf-js\2.3.200\389dcc95acd8966fa59cbcf4859990ab1cbe9636\pdf-js-2.3.200.jar;C:\Users\Tharaka\.gradle\caches\modules-2\files-2.1\org.webjars.npm\chart.js\2.9.3\26de6bae22ab372e10dcfc30da31d7e713e58ee8\chart.js-2.9.3.jar;C:\Users\Tharaka\.gradle\caches\modules-2\files-2.1\org.springframework.boot\spring-boot-gradle-plugin\2.2.2.RELEASE\4dbc74a157b91956fd8b77636bfbd3671be61279\spring-boot-gradle-plugin-2.2.2.RELEASE.pom;C:\Users\Tharaka\.gradle\caches\modules-2\files-2.1\org.ehcache\ehcache\3.8.1\ae19c7f2f63f5e88f00c
Launcher Type: SUN_STANDARD

[Global flags]
     bool BytecodeVerificationLocal                = false                                     {product} {command line}
     bool BytecodeVerificationRemote               = false                                     {product} {command line}
     intx CICompilerCount                          = 3                                         {product} {ergonomic}
     uint ConcGCThreads                            = 1                                         {product} {ergonomic}
     uint G1ConcRefinementThreads                  = 4                                         {product} {ergonomic}
   size_t G1HeapRegionSize                         = 1048576                                   {product} {ergonomic}
    uintx GCDrainStackTargetSize                   = 64                                        {product} {ergonomic}
   size_t InitialHeapSize                          = 67108864                                  {product} {ergonomic}
   size_t MarkStackSize                            = 4194304                                   {product} {ergonomic}
   size_t MaxHeapSize                              = 1052770304                                {product} {ergonomic}
   size_t MaxNewSize                               = 631242752                                 {product} {ergonomic}
   size_t MinHeapDeltaBytes                        = 1048576                                   {product} {ergonomic}
    uintx NonNMethodCodeHeapSize                   = 6973028                                {pd product} {ergonomic}
    uintx NonProfiledCodeHeapSize                  = 244685212                              {pd product} {ergonomic}
    uintx ProfiledCodeHeapSize                     = 0                                      {pd product} {ergonomic}
    uintx ReservedCodeCacheSize                    = 251658240                              {pd product} {ergonomic}
     bool SegmentedCodeCache                       = true                                      {product} {ergonomic}
     intx TieredStopAtLevel                        = 1                                         {product} {command line}
     bool UseCompressedClassPointers               = true                                 {lp64_product} {ergonomic}
     bool UseCompressedOops                        = true                                 {lp64_product} {ergonomic}
     bool UseG1GC                                  = true                                      {product} {ergonomic}
     bool UseLargePagesIndividualAllocation        = false                                  {pd product} {ergonomic}

Logging:
Log output configuration:
 #0: stdout all=warning uptime,level,tags
 #1: stderr all=off uptime,level,tags

Environment Variables:
PATH=C:\wamp64\bin\mysql\mysql8.0.18\bin;C:\WINDOWS;C:\WINDOWS\System32\Wbem;C:\WINDOWS\System32\WindowsPowerShell\v1.0\;C:\Program Files\Git\cmd;C:\Program Files\Java\jdk-11.0.5\bin;;C:\WINDOWS\system32;C:\WINDOWS\System32\OpenSSH\;C:\Users\Tharaka\AppData\Local\Microsoft\WindowsApps;C:\Program Files\JetBrains\IntelliJ IDEA 2019.3.1\bin;C:\Users\Tharaka\AppData\Local\GitHubDesktop\bin;C:\Users\Tharaka\AppData\Local\Microsoft\WindowsApps;;C:\Program Files\JetBrains\IntelliJ IDEA 2020.3\bin;
USERNAME=Tharaka
OS=Windows_NT
PROCESSOR_IDENTIFIER=Intel64 Family 6 Model 142 Stepping 9, GenuineIntel



---------------  S Y S T E M  ---------------

OS: Windows 10 , 64 bit Build 19041 (10.0.19041.804)

CPU:total 4 (initial active 4) (2 cores per cpu, 2 threads per core) family 6 model 142 stepping 9, cmov, cx8, fxsr, mmx, sse, sse2, sse3, ssse3, sse4.1, sse4.2, popcnt, avx, avx2, aes, clmul, erms, 3dnowpref, lzcnt, ht, tsc, tscinvbit, bmi1, bmi2, adx, fma

Memory: 4k page, system-wide physical 4013M (316M free)
TotalPageFile size 14087M (AvailPageFile size 2M)
current process WorkingSet (physical memory assigned to process): 106M, peak: 106M
current process commit charge ("private bytes"): 159M, peak: 172M

vm_info: Java HotSpot(TM) 64-Bit Server VM (11.0.5+10-LTS) for windows-amd64 JRE (11.0.5+10-LTS), built on Oct  6 2019 12:37:14 by "mach5one" with MS VC++ 15.5 (VS2017)

END.
