#
# There is insufficient memory for the Java Runtime Environment to continue.
# Native memory allocation (mmap) failed to map 67108864 bytes for Failed to commit area from 0x00000000c1400000 to 0x00000000c5400000 of length 67108864.
# Possible reasons:
#   The system is out of physical RAM or swap space
#   The process is running with CompressedOops enabled, and the Java Heap may be blocking the growth of the native heap
# Possible solutions:
#   Reduce memory load on the system
#   Increase physical memory or swap space
#   Check if swap backing store is full
#   Decrease Java heap size (-Xmx/-Xms)
#   Decrease number of Java threads
#   Decrease Java thread stack sizes (-Xss)
#   Set larger code cache with -XX:ReservedCodeCacheSize=
# This output file may be truncated or incomplete.
#
#  Out of Memory Error (t:/workspace/open/src/hotspot/os/windows/os_windows.cpp:3274), pid=5588, tid=14140
#
# JRE version:  (11.0.5+10) (build )
# Java VM: Java HotSpot(TM) 64-Bit Server VM (11.0.5+10-LTS, mixed mode, aot, sharing, tiered, compressed oops, g1 gc, windows-amd64)
# No core dump will be written. Minidumps are not enabled by default on client versions of Windows
#

---------------  S U M M A R Y ------------

Command Line: -Xverify:none -XX:TieredStopAtLevel=1 -Dfile.encoding=windows-1252 -Duser.country=US -Duser.language=en -Duser.variant lk.j_n_super_pvt_ltd.JnApplication

Host: Intel(R) Core(TM) i7-7500U CPU @ 2.70GHz, 4 cores, 3G,  Windows 10 , 64 bit Build 19041 (10.0.19041.804)
Time: Thu Apr  1 14:33:12 2021 Sri Lanka Standard Time elapsed time: 0 seconds (0d 0h 0m 0s)

---------------  T H R E A D  ---------------

Current thread (0x000001cbd34e1800):  JavaThread "Unknown thread" [_thread_in_vm, id=14140, stack(0x000000885ef00000,0x000000885f000000)]

Stack: [0x000000885ef00000,0x000000885f000000]
Native frames: (J=compiled Java code, j=interpreted, Vv=VM code, C=native code)
V  [jvm.dll+0x63611a]
V  [jvm.dll+0x77426f]
V  [jvm.dll+0x77591a]
V  [jvm.dll+0x775fd3]
V  [jvm.dll+0x25e608]
V  [jvm.dll+0x6335ca]
V  [jvm.dll+0x627f85]
V  [jvm.dll+0x314ecc]
V  [jvm.dll+0x314d52]
V  [jvm.dll+0x31a5c6]
V  [jvm.dll+0x3666bf]
V  [jvm.dll+0x3660e0]
V  [jvm.dll+0x2f1c48]
V  [jvm.dll+0x2f2db6]
V  [jvm.dll+0x74d437]
V  [jvm.dll+0x74ebaf]
V  [jvm.dll+0x3734f9]
V  [jvm.dll+0x733ae9]
V  [jvm.dll+0x3e2e1d]
V  [jvm.dll+0x3e51e1]
C  [java.exe+0x3607]
C  [java.exe+0x178dc]
C  [KERNEL32.DLL+0x17034]
C  [ntdll.dll+0x52651]


---------------  P R O C E S S  ---------------

Threads class SMR info:
_java_thread_list=0x000001cbd12f2180, length=0, elements={
}

Java Threads: ( => current thread )

Other Threads:
  0x000001cbd34f7800 GCTaskThread "GC Thread#0" [stack: 0x000000885f000000,0x000000885f100000] [id=12988]
  0x000001cbd3515000 ConcurrentGCThread "G1 Main Marker" [stack: 0x000000885f100000,0x000000885f200000] [id=3936]
  0x000001cbd3517800 ConcurrentGCThread "G1 Conc#0" [stack: 0x000000885f200000,0x000000885f300000] [id=7516]

[error occurred during error reporting (printing all threads), id 0xc0000005, EXCEPTION_ACCESS_VIOLATION (0xc0000005) at pc=0x00007ffe6ddb0617]

VM state:not at safepoint (not fully initialized)

VM Mutex/Monitor currently owned by a thread:  ([mutex/lock_event])
[0x000001cbd34df040] Heap_lock - owner thread: 0x000001cbd34e1800

Heap address: 0x00000000c1400000, size: 1004 MB, Compressed Oops mode: Non-zero based: 0x00000000c1400000
Narrow klass base: 0x0000000000000000, Narrow klass shift: 0

GC Heap History (0 events):
No events

Deoptimization events (0 events):
No events

Classes redefined (0 events):
No events

Internal exceptions (0 events):
No events

Events (0 events):
No events


Dynamic libraries:
0x00007ff7864d0000 - 0x00007ff786517000 	C:\Program Files\Java\jdk-11.0.5\bin\java.exe
0x00007ffed77d0000 - 0x00007ffed79c5000 	C:\WINDOWS\SYSTEM32\ntdll.dll
0x00007ffed6120000 - 0x00007ffed61dd000 	C:\WINDOWS\System32\KERNEL32.DLL
0x00007ffed5100000 - 0x00007ffed53c9000 	C:\WINDOWS\System32\KERNELBASE.dll
0x00007ffed6c00000 - 0x00007ffed6cac000 	C:\WINDOWS\System32\ADVAPI32.dll
0x00007ffed6b50000 - 0x00007ffed6bee000 	C:\WINDOWS\System32\msvcrt.dll
0x00007ffed6080000 - 0x00007ffed611c000 	C:\WINDOWS\System32\sechost.dll
0x00007ffed7470000 - 0x00007ffed759b000 	C:\WINDOWS\System32\RPCRT4.dll
0x00007ffed75c0000 - 0x00007ffed7760000 	C:\WINDOWS\System32\USER32.dll
0x00007ffed5070000 - 0x00007ffed5092000 	C:\WINDOWS\System32\win32u.dll
0x00007ffed7760000 - 0x00007ffed778a000 	C:\WINDOWS\System32\GDI32.dll
0x00007ffed5500000 - 0x00007ffed560b000 	C:\WINDOWS\System32\gdi32full.dll
0x00007ffed5790000 - 0x00007ffed582d000 	C:\WINDOWS\System32\msvcp_win.dll
0x00007ffed5690000 - 0x00007ffed5790000 	C:\WINDOWS\System32\ucrtbase.dll
0x00007ffec2020000 - 0x00007ffec22ba000 	C:\WINDOWS\WinSxS\amd64_microsoft.windows.common-controls_6595b64144ccf1df_6.0.19041.844_none_ca00b6081b84eb1d\COMCTL32.dll
0x00007ffecc910000 - 0x00007ffecc91a000 	C:\WINDOWS\SYSTEM32\VERSION.dll
0x00007ffed6880000 - 0x00007ffed68b0000 	C:\WINDOWS\System32\IMM32.DLL
0x00007ffec34a0000 - 0x00007ffec34b6000 	C:\Program Files\Java\jdk-11.0.5\bin\vcruntime140.dll
0x00007ffe89d30000 - 0x00007ffe89dda000 	C:\Program Files\Java\jdk-11.0.5\bin\msvcp140.dll
0x00007ffe6dab0000 - 0x00007ffe6e5d8000 	C:\Program Files\Java\jdk-11.0.5\bin\server\jvm.dll
0x00007ffed6810000 - 0x00007ffed6818000 	C:\WINDOWS\System32\PSAPI.DLL
0x00007ffec2aa0000 - 0x00007ffec2ac7000 	C:\WINDOWS\SYSTEM32\WINMM.dll
0x00007ffecf5d0000 - 0x00007ffecf5d9000 	C:\WINDOWS\SYSTEM32\WSOCK32.dll
0x00007ffed7400000 - 0x00007ffed746b000 	C:\WINDOWS\System32\WS2_32.dll
0x00007ffed3840000 - 0x00007ffed3852000 	C:\WINDOWS\SYSTEM32\kernel.appcore.dll
0x00007ffea9780000 - 0x00007ffea9791000 	C:\Program Files\Java\jdk-11.0.5\bin\verify.dll
0x00007ffed35d0000 - 0x00007ffed37b4000 	C:\WINDOWS\SYSTEM32\DBGHELP.DLL
0x00007ffebd8d0000 - 0x00007ffebd8fc000 	C:\WINDOWS\SYSTEM32\dbgcore.DLL
0x00007ffed5610000 - 0x00007ffed5690000 	C:\WINDOWS\System32\bcryptPrimitives.dll
0x00007ffea6a90000 - 0x00007ffea6ab9000 	C:\Program Files\Java\jdk-11.0.5\bin\java.dll
0x00007ffea93e0000 - 0x00007ffea93f6000 	C:\Program Files\Java\jdk-11.0.5\bin\zip.dll
0x00007ffec1180000 - 0x00007ffec118a000 	C:\Program Files\Java\jdk-11.0.5\bin\jimage.dll

dbghelp: loaded successfully - version: 4.0.5 - missing functions: none
symbol engine: initialized successfully - sym options: 0x614 - pdb path: .;C:\Program Files\Java\jdk-11.0.5\bin;C:\WINDOWS\SYSTEM32;C:\WINDOWS\WinSxS\amd64_microsoft.windows.common-controls_6595b64144ccf1df_6.0.19041.844_none_ca00b6081b84eb1d;C:\Program Files\Java\jdk-11.0.5\bin\server

VM Arguments:
jvm_args: -Xverify:none -XX:TieredStopAtLevel=1 -Dfile.encoding=windows-1252 -Duser.country=US -Duser.language=en -Duser.variant 
java_command: lk.j_n_super_pvt_ltd.JnApplication
java_class_path (initial): F:\My project\final\jnSuper-master\src\main\resources;F:\My project\final\jnSuper-master\build\classes\java\main;C:\Users\Tharaka\.gradle\caches\modules-2\files-2.1\org.apache.commons\commons-lang3\3.9\122c7cee69b53ed4a7681c03d4ee4c0e2765da5\commons-lang3-3.9.jar;C:\Users\Tharaka\.gradle\caches\modules-2\files-2.1\org.apache.poi\poi\3.8\552a7703d32c57adb611df084b45f7158e8653f3\poi-3.8.jar;C:\Users\Tharaka\.gradle\caches\modules-2\files-2.1\com.itextpdf\itextpdf\5.5.9\af7e24e11af3aeb7f25dfe342b050dd1618f2a54\itextpdf-5.5.9.jar;C:\Users\Tharaka\.gradle\caches\modules-2\files-2.1\com.itextpdf.tool\xmlworker\5.5.9\4e2cf5d18b59d0f12980590a6fe745381326881c\xmlworker-5.5.9.jar;C:\Users\Tharaka\.gradle\caches\modules-2\files-2.1\org.webjars\bootstrap\4.4.1\3235ad9a283b32ebf1a385f90c41e03869de5ba9\bootstrap-4.4.1.jar;C:\Users\Tharaka\.gradle\caches\modules-2\files-2.1\org.webjars\popper.js\1.15.0\242ad1b568fd9bfe309867236b52eca7501704e2\popper.js-1.15.0.jar;C:\Users\Tharaka\.gradle\caches\modules-2\files-2.1\org.webjars\jquery-ui\1.12.1\7251d21a1d8f78d5c99919954a16777ed8c7ec86\jquery-ui-1.12.1.jar;C:\Users\Tharaka\.gradle\caches\modules-2\files-2.1\org.webjars\jquery\3.5.1\2392938e374f561c27c53872bdc9b6b351b6ba34\jquery-3.5.1.jar;C:\Users\Tharaka\.gradle\caches\modules-2\files-2.1\org.webjars\font-awesome\5.11.2\97fba1532c45c1d42f362da2f746000a73526d1\font-awesome-5.11.2.jar;C:\Users\Tharaka\.gradle\caches\modules-2\files-2.1\org.webjars\pdf-js\2.3.200\389dcc95acd8966fa59cbcf4859990ab1cbe9636\pdf-js-2.3.200.jar;C:\Users\Tharaka\.gradle\caches\modules-2\files-2.1\org.webjars.npm\chart.js\2.9.3\26de6bae22ab372e10dcfc30da31d7e713e58ee8\chart.js-2.9.3.jar;C:\Users\Tharaka\.gradle\caches\modules-2\files-2.1\org.springframework.boot\spring-boot-gradle-plugin\2.2.2.RELEASE\4dbc74a157b91956fd8b77636bfbd3671be61279\spring-boot-gradle-plugin-2.2.2.RELEASE.pom;C:\Users\Tharaka\.gradle\caches\modules-2\files-2.1\org.ehcache\ehcache\3.8.1\ae19c7f2f63f5e88f00c
Launcher Type: SUN_STANDARD

[Global flags]
     bool BytecodeVerificationLocal                = false                                     {product} {command line}
     bool BytecodeVerificationRemote               = false                                     {product} {command line}
     intx CICompilerCount                          = 3                                         {product} {ergonomic}
     uint ConcGCThreads                            = 1                                         {product} {ergonomic}
     uint G1ConcRefinementThreads                  = 4                                         {product} {ergonomic}
   size_t G1HeapRegionSize                         = 1048576                                   {product} {ergonomic}
    uintx GCDrainStackTargetSize                   = 64                                        {product} {ergonomic}
   size_t InitialHeapSize                          = 67108864                                  {product} {ergonomic}
   size_t MarkStackSize                            = 4194304                                   {product} {ergonomic}
   size_t MaxHeapSize                              = 1052770304                                {product} {ergonomic}
   size_t MinHeapDeltaBytes                        = 1048576                                   {product} {ergonomic}
    uintx NonNMethodCodeHeapSize                   = 6973028                                {pd product} {ergonomic}
    uintx NonProfiledCodeHeapSize                  = 244685212                              {pd product} {ergonomic}
    uintx ProfiledCodeHeapSize                     = 0                                      {pd product} {ergonomic}
    uintx ReservedCodeCacheSize                    = 251658240                              {pd product} {ergonomic}
     bool SegmentedCodeCache                       = true                                      {product} {ergonomic}
     intx TieredStopAtLevel                        = 1                                         {product} {command line}
     bool UseCompressedClassPointers               = true                                 {lp64_product} {ergonomic}
     bool UseCompressedOops                        = true                                 {lp64_product} {ergonomic}
     bool UseG1GC                                  = true                                      {product} {ergonomic}
     bool UseLargePagesIndividualAllocation        = false                                  {pd product} {ergonomic}

Logging:
Log output configuration:
 #0: stdout all=warning uptime,level,tags
 #1: stderr all=off uptime,level,tags

Environment Variables:
PATH=C:\wamp64\bin\mysql\mysql8.0.18\bin;C:\WINDOWS;C:\WINDOWS\System32\Wbem;C:\WINDOWS\System32\WindowsPowerShell\v1.0\;C:\Program Files\Git\cmd;C:\Program Files\Java\jdk-11.0.5\bin;;C:\WINDOWS\system32;C:\WINDOWS\System32\OpenSSH\;C:\Users\Tharaka\AppData\Local\Microsoft\WindowsApps;C:\Program Files\JetBrains\IntelliJ IDEA 2019.3.1\bin;C:\Users\Tharaka\AppData\Local\GitHubDesktop\bin;C:\Users\Tharaka\AppData\Local\Microsoft\WindowsApps;;C:\Program Files\JetBrains\IntelliJ IDEA 2020.3\bin;
USERNAME=Tharaka
OS=Windows_NT
PROCESSOR_IDENTIFIER=Intel64 Family 6 Model 142 Stepping 9, GenuineIntel



---------------  S Y S T E M  ---------------

OS: Windows 10 , 64 bit Build 19041 (10.0.19041.804)

CPU:total 4 (initial active 4) (2 cores per cpu, 2 threads per core) family 6 model 142 stepping 9, cmov, cx8, fxsr, mmx, sse, sse2, sse3, ssse3, sse4.1, sse4.2, popcnt, avx, avx2, aes, clmul, erms, 3dnowpref, lzcnt, ht, tsc, tscinvbit, bmi1, bmi2, adx, fma

Memory: 4k page, system-wide physical 4013M (621M free)
TotalPageFile size 14087M (AvailPageFile size 56M)
current process WorkingSet (physical memory assigned to process): 9M, peak: 9M
current process commit charge ("private bytes"): 49M, peak: 113M

vm_info: Java HotSpot(TM) 64-Bit Server VM (11.0.5+10-LTS) for windows-amd64 JRE (11.0.5+10-LTS), built on Oct  6 2019 12:37:14 by "mach5one" with MS VC++ 15.5 (VS2017)

END.
